28-Dec-2021 11:52:29: **************************************************** 
28-Dec-2021 11:52:29:   
28-Dec-2021 11:52:29:  METIS - Computing constrained mechanical systems  
28-Dec-2021 11:52:29:  ¯¯¯¯¯¯¯¯¯¯¯¯¯¯¯¯¯¯¯¯¯¯¯¯¯¯¯¯¯¯¯¯¯¯¯¯¯¯¯¯¯¯¯¯¯¯¯¯  
28-Dec-2021 11:52:29:      by: Philipp Kinon, M.Sc. 
28-Dec-2021 11:52:29:          Institute of Mechanics (IFM) 
28-Dec-2021 11:52:29:          Karlsruhe Institute of Technology (KIT) 
28-Dec-2021 11:52:29:  
28-Dec-2021 11:52:29: **************************************************** 
28-Dec-2021 11:52:29:   
28-Dec-2021 11:52:29:      Complete user input.                           
28-Dec-2021 11:52:29:   
28-Dec-2021 11:52:29: ****************************************************
28-Dec-2021 11:52:29:   
28-Dec-2021 11:52:29:      System: FourParticleSystem 
28-Dec-2021 11:52:29:      Integrator: EMS_ggl
28-Dec-2021 11:52:29:   
28-Dec-2021 11:52:29: **************************************************** 
28-Dec-2021 11:52:29:   
28-Dec-2021 11:52:29:      Starting computation ... 
28-Dec-2021 11:52:29:   
28-Dec-2021 11:52:29: ----------------------------------------------------
28-Dec-2021 11:52:29:      Time: t = 0.05, dt = 0.05, step no. 1
28-Dec-2021 11:52:29:      Iteration 1, residual = 4.3412
28-Dec-2021 11:52:29:      Iteration 2, residual = 0.018622
28-Dec-2021 11:52:29:      Iteration 3, residual = 2.7621e-05
28-Dec-2021 11:52:29:      Iteration 4, residual = 2.7676e-09
28-Dec-2021 11:52:29:      Iteration 5, residual = 3.379e-15
28-Dec-2021 11:52:29: ----------------------------------------------------
28-Dec-2021 11:52:29:      Time: t = 0.1, dt = 0.05, step no. 2
28-Dec-2021 11:52:29:      Iteration 1, residual = 0.29917
28-Dec-2021 11:52:29:      Iteration 2, residual = 0.016967
28-Dec-2021 11:52:29:      Iteration 3, residual = 7.1485e-05
28-Dec-2021 11:52:29:      Iteration 4, residual = 4.9335e-08
28-Dec-2021 11:52:29:      Iteration 5, residual = 1.5632e-14
28-Dec-2021 11:52:29: ----------------------------------------------------
28-Dec-2021 11:52:29:      Time: t = 0.15, dt = 0.05, step no. 3
28-Dec-2021 11:52:29:      Iteration 1, residual = 0.51781
28-Dec-2021 11:52:29:      Iteration 2, residual = 0.024837
28-Dec-2021 11:52:29:      Iteration 3, residual = 8.6525e-05
28-Dec-2021 11:52:29:      Iteration 4, residual = 1.0384e-07
28-Dec-2021 11:52:29:      Iteration 5, residual = 2.6395e-14
28-Dec-2021 11:52:29: ----------------------------------------------------
28-Dec-2021 11:52:29:      Time: t = 0.2, dt = 0.05, step no. 4
28-Dec-2021 11:52:29:      Iteration 1, residual = 0.68795
28-Dec-2021 11:52:29:      Iteration 2, residual = 0.07082
28-Dec-2021 11:52:29:      Iteration 3, residual = 6.3405e-05
28-Dec-2021 11:52:29:      Iteration 4, residual = 8.2996e-08
28-Dec-2021 11:52:29:      Iteration 5, residual = 1.5773e-14
28-Dec-2021 11:52:29: ----------------------------------------------------
28-Dec-2021 11:52:29:      Time: t = 0.25, dt = 0.05, step no. 5
28-Dec-2021 11:52:29:      Iteration 1, residual = 0.7581
28-Dec-2021 11:52:29:      Iteration 2, residual = 0.12787
28-Dec-2021 11:52:29:      Iteration 3, residual = 9.6804e-05
28-Dec-2021 11:52:29:      Iteration 4, residual = 2.9265e-08
28-Dec-2021 11:52:29:      Iteration 5, residual = 8.9522e-15
28-Dec-2021 11:52:29: ----------------------------------------------------
28-Dec-2021 11:52:29:      Time: t = 0.3, dt = 0.05, step no. 6
28-Dec-2021 11:52:29:      Iteration 1, residual = 0.7635
28-Dec-2021 11:52:29:      Iteration 2, residual = 0.1675
28-Dec-2021 11:52:29:      Iteration 3, residual = 0.00022911
28-Dec-2021 11:52:29:      Iteration 4, residual = 4.4688e-09
28-Dec-2021 11:52:29:      Iteration 5, residual = 1.8355e-15
28-Dec-2021 11:52:29: ----------------------------------------------------
28-Dec-2021 11:52:29:      Time: t = 0.35, dt = 0.05, step no. 7
28-Dec-2021 11:52:29:      Iteration 1, residual = 0.65233
28-Dec-2021 11:52:29:      Iteration 2, residual = 0.16706
28-Dec-2021 11:52:29:      Iteration 3, residual = 0.00033814
28-Dec-2021 11:52:29:      Iteration 4, residual = 6.7778e-09
28-Dec-2021 11:52:29:      Iteration 5, residual = 3.0205e-15
28-Dec-2021 11:52:29: ----------------------------------------------------
28-Dec-2021 11:52:29:      Time: t = 0.4, dt = 0.05, step no. 8
28-Dec-2021 11:52:29:      Iteration 1, residual = 0.8358
28-Dec-2021 11:52:29:      Iteration 2, residual = 0.12696
28-Dec-2021 11:52:29:      Iteration 3, residual = 0.00032617
28-Dec-2021 11:52:29:      Iteration 4, residual = 5.0812e-09
28-Dec-2021 11:52:29:      Iteration 5, residual = 3.2223e-15
28-Dec-2021 11:52:29: ----------------------------------------------------
28-Dec-2021 11:52:29:      Time: t = 0.45, dt = 0.05, step no. 9
28-Dec-2021 11:52:29:      Iteration 1, residual = 0.94009
28-Dec-2021 11:52:29:      Iteration 2, residual = 0.067153
28-Dec-2021 11:52:29:      Iteration 3, residual = 0.00019496
28-Dec-2021 11:52:29:      Iteration 4, residual = 1.6283e-09
28-Dec-2021 11:52:29:      Iteration 5, residual = 2.6964e-15
28-Dec-2021 11:52:29: ----------------------------------------------------
28-Dec-2021 11:52:29:      Time: t = 0.5, dt = 0.05, step no. 10
28-Dec-2021 11:52:29:      Iteration 1, residual = 0.79442
28-Dec-2021 11:52:29:      Iteration 2, residual = 0.011471
28-Dec-2021 11:52:29:      Iteration 3, residual = 3.275e-05
28-Dec-2021 11:52:29:      Iteration 4, residual = 1.2279e-10
28-Dec-2021 11:52:29: ----------------------------------------------------
28-Dec-2021 11:52:29:      Time: t = 0.55, dt = 0.05, step no. 11
28-Dec-2021 11:52:29:      Iteration 1, residual = 0.58097
28-Dec-2021 11:52:29:      Iteration 2, residual = 0.010732
28-Dec-2021 11:52:29:      Iteration 3, residual = 8.9864e-06
28-Dec-2021 11:52:29:      Iteration 4, residual = 5.0122e-10
28-Dec-2021 11:52:29: ----------------------------------------------------
28-Dec-2021 11:52:29:      Time: t = 0.6, dt = 0.05, step no. 12
28-Dec-2021 11:52:29:      Iteration 1, residual = 0.41708
28-Dec-2021 11:52:29:      Iteration 2, residual = 0.0090853
28-Dec-2021 11:52:29:      Iteration 3, residual = 8.5209e-06
28-Dec-2021 11:52:29:      Iteration 4, residual = 1.0713e-09
28-Dec-2021 11:52:29:      Iteration 5, residual = 2.0832e-15
28-Dec-2021 11:52:29: ----------------------------------------------------
28-Dec-2021 11:52:29:      Time: t = 0.65, dt = 0.05, step no. 13
28-Dec-2021 11:52:29:      Iteration 1, residual = 0.33392
28-Dec-2021 11:52:29:      Iteration 2, residual = 0.014698
28-Dec-2021 11:52:29:      Iteration 3, residual = 3.6264e-05
28-Dec-2021 11:52:29:      Iteration 4, residual = 1.1241e-09
28-Dec-2021 11:52:29:      Iteration 5, residual = 1.3004e-15
28-Dec-2021 11:52:29: ----------------------------------------------------
28-Dec-2021 11:52:29:      Time: t = 0.7, dt = 0.05, step no. 14
28-Dec-2021 11:52:29:      Iteration 1, residual = 0.31081
28-Dec-2021 11:52:29:      Iteration 2, residual = 0.05803
28-Dec-2021 11:52:29:      Iteration 3, residual = 0.00010694
28-Dec-2021 11:52:29:      Iteration 4, residual = 1.0096e-09
28-Dec-2021 11:52:29:      Iteration 5, residual = 1.6296e-15
28-Dec-2021 11:52:29: ----------------------------------------------------
28-Dec-2021 11:52:29:      Time: t = 0.75, dt = 0.05, step no. 15
28-Dec-2021 11:52:29:      Iteration 1, residual = 0.31017
28-Dec-2021 11:52:29:      Iteration 2, residual = 0.098856
28-Dec-2021 11:52:29:      Iteration 3, residual = 0.00020443
28-Dec-2021 11:52:29:      Iteration 4, residual = 3.0012e-09
28-Dec-2021 11:52:29:      Iteration 5, residual = 1.2481e-15
28-Dec-2021 11:52:29: ----------------------------------------------------
28-Dec-2021 11:52:29:      Time: t = 0.8, dt = 0.05, step no. 16
28-Dec-2021 11:52:29:      Iteration 1, residual = 0.29373
28-Dec-2021 11:52:29:      Iteration 2, residual = 0.12914
28-Dec-2021 11:52:29:      Iteration 3, residual = 0.00032207
28-Dec-2021 11:52:29:      Iteration 4, residual = 6.185e-09
28-Dec-2021 11:52:29:      Iteration 5, residual = 8.5338e-16
28-Dec-2021 11:52:29: ----------------------------------------------------
28-Dec-2021 11:52:29:      Time: t = 0.85, dt = 0.05, step no. 17
28-Dec-2021 11:52:29:      Iteration 1, residual = 0.27242
28-Dec-2021 11:52:29:      Iteration 2, residual = 0.14195
28-Dec-2021 11:52:29:      Iteration 3, residual = 0.00043314
28-Dec-2021 11:52:29:      Iteration 4, residual = 9.6184e-09
28-Dec-2021 11:52:29:      Iteration 5, residual = 8.3157e-16
28-Dec-2021 11:52:29: ----------------------------------------------------
28-Dec-2021 11:52:29:      Time: t = 0.9, dt = 0.05, step no. 18
28-Dec-2021 11:52:29:      Iteration 1, residual = 0.26175
28-Dec-2021 11:52:29:      Iteration 2, residual = 0.13118
28-Dec-2021 11:52:29:      Iteration 3, residual = 0.0004879
28-Dec-2021 11:52:29:      Iteration 4, residual = 1.1149e-08
28-Dec-2021 11:52:29:      Iteration 5, residual = 4.6682e-16
28-Dec-2021 11:52:29: ----------------------------------------------------
28-Dec-2021 11:52:29:      Time: t = 0.95, dt = 0.05, step no. 19
28-Dec-2021 11:52:29:      Iteration 1, residual = 0.22461
28-Dec-2021 11:52:29:      Iteration 2, residual = 0.093054
28-Dec-2021 11:52:29:      Iteration 3, residual = 0.00042887
28-Dec-2021 11:52:29:      Iteration 4, residual = 8.7613e-09
28-Dec-2021 11:52:29:      Iteration 5, residual = 1.6416e-15
28-Dec-2021 11:52:29: ----------------------------------------------------
28-Dec-2021 11:52:29:      Time: t = 1, dt = 0.05, step no. 20
28-Dec-2021 11:52:29:      Iteration 1, residual = 0.16853
28-Dec-2021 11:52:29:      Iteration 2, residual = 0.029412
28-Dec-2021 11:52:29:      Iteration 3, residual = 0.00022897
28-Dec-2021 11:52:29:      Iteration 4, residual = 3.4634e-09
28-Dec-2021 11:52:29:      Iteration 5, residual = 2.0773e-16
28-Dec-2021 11:52:29: ----------------------------------------------------
28-Dec-2021 11:52:29:      Time: t = 1.05, dt = 0.05, step no. 21
28-Dec-2021 11:52:29:      Iteration 1, residual = 0.1519
28-Dec-2021 11:52:29:      Iteration 2, residual = 0.0067217
28-Dec-2021 11:52:29:      Iteration 3, residual = 1.5658e-05
28-Dec-2021 11:52:29:      Iteration 4, residual = 1.2651e-10
28-Dec-2021 11:52:29: ----------------------------------------------------
28-Dec-2021 11:52:29:      Time: t = 1.1, dt = 0.05, step no. 22
28-Dec-2021 11:52:29:      Iteration 1, residual = 0.20253
28-Dec-2021 11:52:29:      Iteration 2, residual = 0.0062683
28-Dec-2021 11:52:29:      Iteration 3, residual = 1.5584e-05
28-Dec-2021 11:52:29:      Iteration 4, residual = 2.4451e-09
28-Dec-2021 11:52:29:      Iteration 5, residual = 2.1262e-15
28-Dec-2021 11:52:29: ----------------------------------------------------
28-Dec-2021 11:52:29:      Time: t = 1.15, dt = 0.05, step no. 23
28-Dec-2021 11:52:29:      Iteration 1, residual = 0.33806
28-Dec-2021 11:52:29:      Iteration 2, residual = 0.0086161
28-Dec-2021 11:52:29:      Iteration 3, residual = 2.1704e-05
28-Dec-2021 11:52:29:      Iteration 4, residual = 7.6988e-09
28-Dec-2021 11:52:29:      Iteration 5, residual = 1.1359e-15
28-Dec-2021 11:52:29: ----------------------------------------------------
28-Dec-2021 11:52:29:      Time: t = 1.2, dt = 0.05, step no. 24
28-Dec-2021 11:52:29:      Iteration 1, residual = 0.49069
28-Dec-2021 11:52:29:      Iteration 2, residual = 0.020582
28-Dec-2021 11:52:29:      Iteration 3, residual = 4.045e-05
28-Dec-2021 11:52:29:      Iteration 4, residual = 1.0116e-08
28-Dec-2021 11:52:29:      Iteration 5, residual = 2.5018e-15
28-Dec-2021 11:52:29: ----------------------------------------------------
28-Dec-2021 11:52:29:      Time: t = 1.25, dt = 0.05, step no. 25
28-Dec-2021 11:52:29:      Iteration 1, residual = 0.60088
28-Dec-2021 11:52:29:      Iteration 2, residual = 0.058264
28-Dec-2021 11:52:29:      Iteration 3, residual = 0.00010916
28-Dec-2021 11:52:29:      Iteration 4, residual = 8.2201e-09
28-Dec-2021 11:52:29:      Iteration 5, residual = 1.5013e-15
28-Dec-2021 11:52:29: ----------------------------------------------------
28-Dec-2021 11:52:29:      Time: t = 1.3, dt = 0.05, step no. 26
28-Dec-2021 11:52:29:      Iteration 1, residual = 0.64624
28-Dec-2021 11:52:29:      Iteration 2, residual = 0.10289
28-Dec-2021 11:52:29:      Iteration 3, residual = 0.00022118
28-Dec-2021 11:52:29:      Iteration 4, residual = 4.7501e-09
28-Dec-2021 11:52:29:      Iteration 5, residual = 3.4043e-15
28-Dec-2021 11:52:29: ----------------------------------------------------
28-Dec-2021 11:52:29:      Time: t = 1.35, dt = 0.05, step no. 27
28-Dec-2021 11:52:29:      Iteration 1, residual = 0.65019
28-Dec-2021 11:52:29:      Iteration 2, residual = 0.13834
28-Dec-2021 11:52:29:      Iteration 3, residual = 0.00036133
28-Dec-2021 11:52:29:      Iteration 4, residual = 6.3516e-09
28-Dec-2021 11:52:29:      Iteration 5, residual = 5.0016e-15
28-Dec-2021 11:52:29: ----------------------------------------------------
28-Dec-2021 11:52:29:      Time: t = 1.4, dt = 0.05, step no. 28
28-Dec-2021 11:52:29:      Iteration 1, residual = 0.87613
28-Dec-2021 11:52:29:      Iteration 2, residual = 0.15069
28-Dec-2021 11:52:29:      Iteration 3, residual = 0.00047709
28-Dec-2021 11:52:29:      Iteration 4, residual = 9.308e-09
28-Dec-2021 11:52:29:      Iteration 5, residual = 6.8519e-15
28-Dec-2021 11:52:29: ----------------------------------------------------
28-Dec-2021 11:52:29:      Time: t = 1.45, dt = 0.05, step no. 29
28-Dec-2021 11:52:29:      Iteration 1, residual = 1.4774
28-Dec-2021 11:52:29:      Iteration 2, residual = 0.13541
28-Dec-2021 11:52:29:      Iteration 3, residual = 0.00050291
28-Dec-2021 11:52:29:      Iteration 4, residual = 9.2313e-09
28-Dec-2021 11:52:29:      Iteration 5, residual = 6.7428e-15
28-Dec-2021 11:52:29: ----------------------------------------------------
28-Dec-2021 11:52:29:      Time: t = 1.5, dt = 0.05, step no. 30
28-Dec-2021 11:52:29:      Iteration 1, residual = 1.7685
28-Dec-2021 11:52:29:      Iteration 2, residual = 0.098447
28-Dec-2021 11:52:29:      Iteration 3, residual = 0.00041246
28-Dec-2021 11:52:29:      Iteration 4, residual = 6.0467e-09
28-Dec-2021 11:52:29:      Iteration 5, residual = 4.2498e-15
28-Dec-2021 11:52:29: ----------------------------------------------------
28-Dec-2021 11:52:29:      Time: t = 1.55, dt = 0.05, step no. 31
28-Dec-2021 11:52:29:      Iteration 1, residual = 1.766
28-Dec-2021 11:52:29:      Iteration 2, residual = 0.051538
28-Dec-2021 11:52:29:      Iteration 3, residual = 0.00024017
28-Dec-2021 11:52:29:      Iteration 4, residual = 2.4332e-09
28-Dec-2021 11:52:29:      Iteration 5, residual = 1.09e-15
28-Dec-2021 11:52:29: ----------------------------------------------------
28-Dec-2021 11:52:29:      Time: t = 1.6, dt = 0.05, step no. 32
28-Dec-2021 11:52:29:      Iteration 1, residual = 1.5534
28-Dec-2021 11:52:29:      Iteration 2, residual = 0.0068303
28-Dec-2021 11:52:29:      Iteration 3, residual = 5.1763e-05
28-Dec-2021 11:52:29:      Iteration 4, residual = 6.2375e-10
28-Dec-2021 11:52:29: ----------------------------------------------------
28-Dec-2021 11:52:29:      Time: t = 1.65, dt = 0.05, step no. 33
28-Dec-2021 11:52:29:      Iteration 1, residual = 1.2329
28-Dec-2021 11:52:29:      Iteration 2, residual = 0.0066282
28-Dec-2021 11:52:29:      Iteration 3, residual = 1.7008e-05
28-Dec-2021 11:52:29:      Iteration 4, residual = 6.3435e-10
28-Dec-2021 11:52:29: ----------------------------------------------------
28-Dec-2021 11:52:29:      Time: t = 1.7, dt = 0.05, step no. 34
28-Dec-2021 11:52:29:      Iteration 1, residual = 0.89132
28-Dec-2021 11:52:29:      Iteration 2, residual = 0.0059661
28-Dec-2021 11:52:29:      Iteration 3, residual = 1.6591e-05
28-Dec-2021 11:52:29:      Iteration 4, residual = 1.3166e-09
28-Dec-2021 11:52:29:      Iteration 5, residual = 4.1349e-15
28-Dec-2021 11:52:29: ----------------------------------------------------
28-Dec-2021 11:52:29:      Time: t = 1.75, dt = 0.05, step no. 35
28-Dec-2021 11:52:29:      Iteration 1, residual = 0.58461
28-Dec-2021 11:52:29:      Iteration 2, residual = 0.0060722
28-Dec-2021 11:52:29:      Iteration 3, residual = 1.5364e-05
28-Dec-2021 11:52:29:      Iteration 4, residual = 1.7881e-09
28-Dec-2021 11:52:29:      Iteration 5, residual = 7.673e-15
28-Dec-2021 11:52:29: ----------------------------------------------------
28-Dec-2021 11:52:29:      Time: t = 1.8, dt = 0.05, step no. 36
28-Dec-2021 11:52:29:      Iteration 1, residual = 0.33891
28-Dec-2021 11:52:29:      Iteration 2, residual = 0.0060315
28-Dec-2021 11:52:29:      Iteration 3, residual = 1.3789e-05
28-Dec-2021 11:52:29:      Iteration 4, residual = 1.8125e-09
28-Dec-2021 11:52:29:      Iteration 5, residual = 5.7978e-15
28-Dec-2021 11:52:29: ----------------------------------------------------
28-Dec-2021 11:52:29:      Time: t = 1.85, dt = 0.05, step no. 37
28-Dec-2021 11:52:29:      Iteration 1, residual = 0.34645
28-Dec-2021 11:52:29:      Iteration 2, residual = 0.0055971
28-Dec-2021 11:52:29:      Iteration 3, residual = 1.1985e-05
28-Dec-2021 11:52:29:      Iteration 4, residual = 1.5213e-09
28-Dec-2021 11:52:29:      Iteration 5, residual = 4.4065e-15
28-Dec-2021 11:52:29: ----------------------------------------------------
28-Dec-2021 11:52:29:      Time: t = 1.9, dt = 0.05, step no. 38
28-Dec-2021 11:52:29:      Iteration 1, residual = 0.35404
28-Dec-2021 11:52:29:      Iteration 2, residual = 0.01253
28-Dec-2021 11:52:29:      Iteration 3, residual = 1.6301e-05
28-Dec-2021 11:52:29:      Iteration 4, residual = 1.1121e-09
28-Dec-2021 11:52:29:      Iteration 5, residual = 4.6726e-15
28-Dec-2021 11:52:29: ----------------------------------------------------
28-Dec-2021 11:52:29:      Time: t = 1.95, dt = 0.05, step no. 39
28-Dec-2021 11:52:29:      Iteration 1, residual = 0.35185
28-Dec-2021 11:52:29:      Iteration 2, residual = 0.024095
28-Dec-2021 11:52:29:      Iteration 3, residual = 2.8547e-05
28-Dec-2021 11:52:30:      Iteration 4, residual = 7.2081e-10
28-Dec-2021 11:52:30: ----------------------------------------------------
28-Dec-2021 11:52:30:      Time: t = 2, dt = 0.05, step no. 40
28-Dec-2021 11:52:30:      Iteration 1, residual = 0.34195
28-Dec-2021 11:52:30:      Iteration 2, residual = 0.035308
28-Dec-2021 11:52:30:      Iteration 3, residual = 4.4618e-05
28-Dec-2021 11:52:30:      Iteration 4, residual = 4.1042e-10
28-Dec-2021 11:52:30: ----------------------------------------------------
28-Dec-2021 11:52:30:      Time: t = 2.05, dt = 0.05, step no. 41
28-Dec-2021 11:52:30:      Iteration 1, residual = 0.32462
28-Dec-2021 11:52:30:      Iteration 2, residual = 0.044433
28-Dec-2021 11:52:30:      Iteration 3, residual = 6.3952e-05
28-Dec-2021 11:52:30:      Iteration 4, residual = 4.3497e-10
28-Dec-2021 11:52:30: ----------------------------------------------------
28-Dec-2021 11:52:30:      Time: t = 2.1, dt = 0.05, step no. 42
28-Dec-2021 11:52:30:      Iteration 1, residual = 0.29854
28-Dec-2021 11:52:30:      Iteration 2, residual = 0.048614
28-Dec-2021 11:52:30:      Iteration 3, residual = 8.2811e-05
28-Dec-2021 11:52:30:      Iteration 4, residual = 6.8729e-10
28-Dec-2021 11:52:30: ----------------------------------------------------
28-Dec-2021 11:52:30:      Time: t = 2.15, dt = 0.05, step no. 43
28-Dec-2021 11:52:30:      Iteration 1, residual = 0.26097
28-Dec-2021 11:52:30:      Iteration 2, residual = 0.044171
28-Dec-2021 11:52:30:      Iteration 3, residual = 9.24e-05
28-Dec-2021 11:52:30:      Iteration 4, residual = 8.408e-10
28-Dec-2021 11:52:30: ----------------------------------------------------
28-Dec-2021 11:52:30:      Time: t = 2.2, dt = 0.05, step no. 44
28-Dec-2021 11:52:30:      Iteration 1, residual = 0.20841
28-Dec-2021 11:52:30:      Iteration 2, residual = 0.027794
28-Dec-2021 11:52:30:      Iteration 3, residual = 7.9869e-05
28-Dec-2021 11:52:30:      Iteration 4, residual = 6.9476e-10
28-Dec-2021 11:52:30: ----------------------------------------------------
28-Dec-2021 11:52:30:      Time: t = 2.25, dt = 0.05, step no. 45
28-Dec-2021 11:52:30:      Iteration 1, residual = 0.13767
28-Dec-2021 11:52:30:      Iteration 2, residual = 0.0042461
28-Dec-2021 11:52:30:      Iteration 3, residual = 3.6e-05
28-Dec-2021 11:52:30:      Iteration 4, residual = 2.6075e-10
28-Dec-2021 11:52:30: ----------------------------------------------------
28-Dec-2021 11:52:30:      Time: t = 2.3, dt = 0.05, step no. 46
28-Dec-2021 11:52:30:      Iteration 1, residual = 0.092674
28-Dec-2021 11:52:30:      Iteration 2, residual = 0.0046895
28-Dec-2021 11:52:30:      Iteration 3, residual = 1.8692e-05
28-Dec-2021 11:52:30:      Iteration 4, residual = 5.1051e-11
28-Dec-2021 11:52:30: ----------------------------------------------------
28-Dec-2021 11:52:30:      Time: t = 2.35, dt = 0.05, step no. 47
28-Dec-2021 11:52:30:      Iteration 1, residual = 0.12558
28-Dec-2021 11:52:30:      Iteration 2, residual = 0.01445
28-Dec-2021 11:52:30:      Iteration 3, residual = 4.6923e-05
28-Dec-2021 11:52:30:      Iteration 4, residual = 3.0226e-10
28-Dec-2021 11:52:30: ----------------------------------------------------
28-Dec-2021 11:52:30:      Time: t = 2.4, dt = 0.05, step no. 48
28-Dec-2021 11:52:30:      Iteration 1, residual = 0.23387
28-Dec-2021 11:52:30:      Iteration 2, residual = 0.042684
28-Dec-2021 11:52:30:      Iteration 3, residual = 0.00010908
28-Dec-2021 11:52:30:      Iteration 4, residual = 7.9907e-10
28-Dec-2021 11:52:30: ----------------------------------------------------
28-Dec-2021 11:52:30:      Time: t = 2.45, dt = 0.05, step no. 49
28-Dec-2021 11:52:30:      Iteration 1, residual = 0.35456
28-Dec-2021 11:52:30:      Iteration 2, residual = 0.088615
28-Dec-2021 11:52:30:      Iteration 3, residual = 0.00023312
28-Dec-2021 11:52:30:      Iteration 4, residual = 2.9637e-09
28-Dec-2021 11:52:30:      Iteration 5, residual = 3.2752e-15
28-Dec-2021 11:52:30: ----------------------------------------------------
28-Dec-2021 11:52:30:      Time: t = 2.5, dt = 0.05, step no. 50
28-Dec-2021 11:52:30:      Iteration 1, residual = 0.45655
28-Dec-2021 11:52:30:      Iteration 2, residual = 0.14672
28-Dec-2021 11:52:30:      Iteration 3, residual = 0.00044933
28-Dec-2021 11:52:30:      Iteration 4, residual = 8.9379e-09
28-Dec-2021 11:52:30:      Iteration 5, residual = 5.852e-15
28-Dec-2021 11:52:30: ----------------------------------------------------
28-Dec-2021 11:52:30:      Time: t = 2.55, dt = 0.05, step no. 51
28-Dec-2021 11:52:30:      Iteration 1, residual = 0.51631
28-Dec-2021 11:52:30:      Iteration 2, residual = 0.20124
28-Dec-2021 11:52:30:      Iteration 3, residual = 0.00075953
28-Dec-2021 11:52:30:      Iteration 4, residual = 2.0765e-08
28-Dec-2021 11:52:30:      Iteration 5, residual = 6.1256e-14
28-Dec-2021 11:52:30: ----------------------------------------------------
28-Dec-2021 11:52:30:      Time: t = 2.6, dt = 0.05, step no. 52
28-Dec-2021 11:52:30:      Iteration 1, residual = 0.51662
28-Dec-2021 11:52:30:      Iteration 2, residual = 0.23229
28-Dec-2021 11:52:30:      Iteration 3, residual = 0.0010896
28-Dec-2021 11:52:30:      Iteration 4, residual = 3.5752e-08
28-Dec-2021 11:52:30:      Iteration 5, residual = 2.9432e-14
28-Dec-2021 11:52:30: ----------------------------------------------------
28-Dec-2021 11:52:30:      Time: t = 2.65, dt = 0.05, step no. 53
28-Dec-2021 11:52:30:      Iteration 1, residual = 1.1574
28-Dec-2021 11:52:30:      Iteration 2, residual = 0.22696
28-Dec-2021 11:52:30:      Iteration 3, residual = 0.0012948
28-Dec-2021 11:52:30:      Iteration 4, residual = 4.4609e-08
28-Dec-2021 11:52:30:      Iteration 5, residual = 4.2495e-14
28-Dec-2021 11:52:30: ----------------------------------------------------
28-Dec-2021 11:52:30:      Time: t = 2.7, dt = 0.05, step no. 54
28-Dec-2021 11:52:30:      Iteration 1, residual = 1.5602
28-Dec-2021 11:52:30:      Iteration 2, residual = 0.18714
28-Dec-2021 11:52:30:      Iteration 3, residual = 0.0012607
28-Dec-2021 11:52:30:      Iteration 4, residual = 4.037e-08
28-Dec-2021 11:52:30:      Iteration 5, residual = 3.1617e-14
28-Dec-2021 11:52:30: ----------------------------------------------------
28-Dec-2021 11:52:30:      Time: t = 2.75, dt = 0.05, step no. 55
28-Dec-2021 11:52:30:      Iteration 1, residual = 1.6329
28-Dec-2021 11:52:30:      Iteration 2, residual = 0.12768
28-Dec-2021 11:52:30:      Iteration 3, residual = 0.0010029
28-Dec-2021 11:52:30:      Iteration 4, residual = 2.7415e-08
28-Dec-2021 11:52:30:      Iteration 5, residual = 1.0466e-14
28-Dec-2021 11:52:30: ----------------------------------------------------
28-Dec-2021 11:52:30:      Time: t = 2.8, dt = 0.05, step no. 56
28-Dec-2021 11:52:30:      Iteration 1, residual = 1.449
28-Dec-2021 11:52:30:      Iteration 2, residual = 0.067278
28-Dec-2021 11:52:30:      Iteration 3, residual = 0.00064769
28-Dec-2021 11:52:30:      Iteration 4, residual = 1.5374e-08
28-Dec-2021 11:52:30:      Iteration 5, residual = 4.2435e-15
28-Dec-2021 11:52:30: ----------------------------------------------------
28-Dec-2021 11:52:30:      Time: t = 2.85, dt = 0.05, step no. 57
28-Dec-2021 11:52:30:      Iteration 1, residual = 1.1374
28-Dec-2021 11:52:30:      Iteration 2, residual = 0.019503
28-Dec-2021 11:52:30:      Iteration 3, residual = 0.0003296
28-Dec-2021 11:52:30:      Iteration 4, residual = 8.6336e-09
28-Dec-2021 11:52:30:      Iteration 5, residual = 3.0048e-15
28-Dec-2021 11:52:30: ----------------------------------------------------
28-Dec-2021 11:52:30:      Time: t = 2.9, dt = 0.05, step no. 58
28-Dec-2021 11:52:30:      Iteration 1, residual = 0.81387
28-Dec-2021 11:52:30:      Iteration 2, residual = 0.010052
28-Dec-2021 11:52:30:      Iteration 3, residual = 0.00011908
28-Dec-2021 11:52:30:      Iteration 4, residual = 5.8305e-09
28-Dec-2021 11:52:30:      Iteration 5, residual = 7.8849e-15
28-Dec-2021 11:52:30: ----------------------------------------------------
28-Dec-2021 11:52:30:      Time: t = 2.95, dt = 0.05, step no. 59
28-Dec-2021 11:52:30:      Iteration 1, residual = 0.54512
28-Dec-2021 11:52:30:      Iteration 2, residual = 0.0097181
28-Dec-2021 11:52:30:      Iteration 3, residual = 5.5656e-05
28-Dec-2021 11:52:30:      Iteration 4, residual = 4.6122e-09
28-Dec-2021 11:52:30:      Iteration 5, residual = 1.231e-14
28-Dec-2021 11:52:30: ----------------------------------------------------
28-Dec-2021 11:52:30:      Time: t = 3, dt = 0.05, step no. 60
28-Dec-2021 11:52:30:      Iteration 1, residual = 0.34985
28-Dec-2021 11:52:30:      Iteration 2, residual = 0.0088847
28-Dec-2021 11:52:30:      Iteration 3, residual = 4.8627e-05
28-Dec-2021 11:52:30:      Iteration 4, residual = 3.9005e-09
28-Dec-2021 11:52:30:      Iteration 5, residual = 1.1654e-14
28-Dec-2021 11:52:30: ----------------------------------------------------
28-Dec-2021 11:52:30:      Time: t = 3.05, dt = 0.05, step no. 61
28-Dec-2021 11:52:30:      Iteration 1, residual = 0.32527
28-Dec-2021 11:52:30:      Iteration 2, residual = 0.0077397
28-Dec-2021 11:52:30:      Iteration 3, residual = 4.172e-05
28-Dec-2021 11:52:30:      Iteration 4, residual = 3.5455e-09
28-Dec-2021 11:52:30:      Iteration 5, residual = 7.5252e-15
28-Dec-2021 11:52:30: ----------------------------------------------------
28-Dec-2021 11:52:30:      Time: t = 3.1, dt = 0.05, step no. 62
28-Dec-2021 11:52:30:      Iteration 1, residual = 0.32523
28-Dec-2021 11:52:30:      Iteration 2, residual = 0.0064349
28-Dec-2021 11:52:30:      Iteration 3, residual = 0.00010324
28-Dec-2021 11:52:30:      Iteration 4, residual = 3.6152e-09
28-Dec-2021 11:52:30:      Iteration 5, residual = 8.0662e-15
28-Dec-2021 11:52:30: ----------------------------------------------------
28-Dec-2021 11:52:30:      Time: t = 3.15, dt = 0.05, step no. 63
28-Dec-2021 11:52:30:      Iteration 1, residual = 0.32052
28-Dec-2021 11:52:30:      Iteration 2, residual = 0.0071233
28-Dec-2021 11:52:30:      Iteration 3, residual = 0.00017458
28-Dec-2021 11:52:30:      Iteration 4, residual = 4.1047e-09
28-Dec-2021 11:52:30:      Iteration 5, residual = 3.6366e-15
28-Dec-2021 11:52:30: ----------------------------------------------------
28-Dec-2021 11:52:30:      Time: t = 3.2, dt = 0.05, step no. 64
28-Dec-2021 11:52:30:      Iteration 1, residual = 0.30863
28-Dec-2021 11:52:30:      Iteration 2, residual = 0.020583
28-Dec-2021 11:52:30:      Iteration 3, residual = 0.00024534
28-Dec-2021 11:52:30:      Iteration 4, residual = 4.8993e-09
28-Dec-2021 11:52:30:      Iteration 5, residual = 1.4204e-15
28-Dec-2021 11:52:30: ----------------------------------------------------
28-Dec-2021 11:52:30:      Time: t = 3.25, dt = 0.05, step no. 65
28-Dec-2021 11:52:30:      Iteration 1, residual = 0.2892
28-Dec-2021 11:52:30:      Iteration 2, residual = 0.032556
28-Dec-2021 11:52:30:      Iteration 3, residual = 0.00030583
28-Dec-2021 11:52:30:      Iteration 4, residual = 5.7754e-09
28-Dec-2021 11:52:30:      Iteration 5, residual = 7.3242e-16
28-Dec-2021 11:52:30: ----------------------------------------------------
28-Dec-2021 11:52:30:      Time: t = 3.3, dt = 0.05, step no. 66
28-Dec-2021 11:52:30:      Iteration 1, residual = 0.26099
28-Dec-2021 11:52:30:      Iteration 2, residual = 0.040863
28-Dec-2021 11:52:30:      Iteration 3, residual = 0.0003428
28-Dec-2021 11:52:30:      Iteration 4, residual = 6.3813e-09
28-Dec-2021 11:52:30:      Iteration 5, residual = 4.281e-16
28-Dec-2021 11:52:30: ----------------------------------------------------
28-Dec-2021 11:52:30:      Time: t = 3.35, dt = 0.05, step no. 67
28-Dec-2021 11:52:30:      Iteration 1, residual = 0.2218
28-Dec-2021 11:52:30:      Iteration 2, residual = 0.042411
28-Dec-2021 11:52:30:      Iteration 3, residual = 0.00033684
28-Dec-2021 11:52:30:      Iteration 4, residual = 6.2747e-09
28-Dec-2021 11:52:30:      Iteration 5, residual = 1.025e-15
28-Dec-2021 11:52:30: ----------------------------------------------------
28-Dec-2021 11:52:30:      Time: t = 3.4, dt = 0.05, step no. 68
28-Dec-2021 11:52:30:      Iteration 1, residual = 0.16906
28-Dec-2021 11:52:30:      Iteration 2, residual = 0.033363
28-Dec-2021 11:52:30:      Iteration 3, residual = 0.00026432
28-Dec-2021 11:52:30:      Iteration 4, residual = 5.1869e-09
28-Dec-2021 11:52:30:      Iteration 5, residual = 1.9629e-15
28-Dec-2021 11:52:30: ----------------------------------------------------
28-Dec-2021 11:52:30:      Time: t = 3.45, dt = 0.05, step no. 69
28-Dec-2021 11:52:30:      Iteration 1, residual = 0.21006
28-Dec-2021 11:52:30:      Iteration 2, residual = 0.010279
28-Dec-2021 11:52:30:      Iteration 3, residual = 0.0001078
28-Dec-2021 11:52:30:      Iteration 4, residual = 3.5956e-09
28-Dec-2021 11:52:30:      Iteration 5, residual = 3.531e-15
28-Dec-2021 11:52:30: ----------------------------------------------------
28-Dec-2021 11:52:30:      Time: t = 3.5, dt = 0.05, step no. 70
28-Dec-2021 11:52:30:      Iteration 1, residual = 0.23437
28-Dec-2021 11:52:30:      Iteration 2, residual = 0.0062921
28-Dec-2021 11:52:30:      Iteration 3, residual = 3.2621e-05
28-Dec-2021 11:52:30:      Iteration 4, residual = 3.1099e-09
28-Dec-2021 11:52:30:      Iteration 5, residual = 1.3577e-14
28-Dec-2021 11:52:30: ----------------------------------------------------
28-Dec-2021 11:52:30:      Time: t = 3.55, dt = 0.05, step no. 71
28-Dec-2021 11:52:30:      Iteration 1, residual = 0.21191
28-Dec-2021 11:52:30:      Iteration 2, residual = 0.0090662
28-Dec-2021 11:52:30:      Iteration 3, residual = 3.1449e-05
28-Dec-2021 11:52:30:      Iteration 4, residual = 5.4592e-09
28-Dec-2021 11:52:30:      Iteration 5, residual = 3.0982e-14
28-Dec-2021 11:52:30: ----------------------------------------------------
28-Dec-2021 11:52:30:      Time: t = 3.6, dt = 0.05, step no. 72
28-Dec-2021 11:52:30:      Iteration 1, residual = 0.26839
28-Dec-2021 11:52:30:      Iteration 2, residual = 0.012892
28-Dec-2021 11:52:30:      Iteration 3, residual = 4.052e-05
28-Dec-2021 11:52:30:      Iteration 4, residual = 1.0042e-08
28-Dec-2021 11:52:30:      Iteration 5, residual = 4.5962e-14
28-Dec-2021 11:52:30: ----------------------------------------------------
28-Dec-2021 11:52:30:      Time: t = 3.65, dt = 0.05, step no. 73
28-Dec-2021 11:52:30:      Iteration 1, residual = 0.35513
28-Dec-2021 11:52:30:      Iteration 2, residual = 0.048805
28-Dec-2021 11:52:30:      Iteration 3, residual = 5.6931e-05
28-Dec-2021 11:52:30:      Iteration 4, residual = 1.3314e-08
28-Dec-2021 11:52:30:      Iteration 5, residual = 4.7375e-14
28-Dec-2021 11:52:30: ----------------------------------------------------
28-Dec-2021 11:52:30:      Time: t = 3.7, dt = 0.05, step no. 74
28-Dec-2021 11:52:30:      Iteration 1, residual = 0.41001
28-Dec-2021 11:52:30:      Iteration 2, residual = 0.083664
28-Dec-2021 11:52:30:      Iteration 3, residual = 0.00012639
28-Dec-2021 11:52:30:      Iteration 4, residual = 1.2421e-08
28-Dec-2021 11:52:30:      Iteration 5, residual = 3.4832e-14
28-Dec-2021 11:52:30: ----------------------------------------------------
28-Dec-2021 11:52:30:      Time: t = 3.75, dt = 0.05, step no. 75
28-Dec-2021 11:52:30:      Iteration 1, residual = 0.42113
28-Dec-2021 11:52:30:      Iteration 2, residual = 0.10646
28-Dec-2021 11:52:30:      Iteration 3, residual = 0.00020071
28-Dec-2021 11:52:30:      Iteration 4, residual = 8.3934e-09
28-Dec-2021 11:52:30:      Iteration 5, residual = 1.8008e-14
28-Dec-2021 11:52:30: ----------------------------------------------------
28-Dec-2021 11:52:30:      Time: t = 3.8, dt = 0.05, step no. 76
28-Dec-2021 11:52:30:      Iteration 1, residual = 0.91463
28-Dec-2021 11:52:30:      Iteration 2, residual = 0.10865
28-Dec-2021 11:52:30:      Iteration 3, residual = 0.00025401
28-Dec-2021 11:52:30:      Iteration 4, residual = 4.2225e-09
28-Dec-2021 11:52:30:      Iteration 5, residual = 6.1301e-15
28-Dec-2021 11:52:30: ----------------------------------------------------
28-Dec-2021 11:52:30:      Time: t = 3.85, dt = 0.05, step no. 77
28-Dec-2021 11:52:30:      Iteration 1, residual = 1.3835
28-Dec-2021 11:52:30:      Iteration 2, residual = 0.087895
28-Dec-2021 11:52:30:      Iteration 3, residual = 0.0002535
28-Dec-2021 11:52:30:      Iteration 4, residual = 3.8141e-09
28-Dec-2021 11:52:30:      Iteration 5, residual = 2.584e-15
28-Dec-2021 11:52:30: ----------------------------------------------------
28-Dec-2021 11:52:30:      Time: t = 3.9, dt = 0.05, step no. 78
28-Dec-2021 11:52:30:      Iteration 1, residual = 1.5875
28-Dec-2021 11:52:30:      Iteration 2, residual = 0.048875
28-Dec-2021 11:52:30:      Iteration 3, residual = 0.00018193
28-Dec-2021 11:52:30:      Iteration 4, residual = 2.2311e-09
28-Dec-2021 11:52:30:      Iteration 5, residual = 1.4521e-15
28-Dec-2021 11:52:30: ----------------------------------------------------
28-Dec-2021 11:52:30:      Time: t = 3.95, dt = 0.05, step no. 79
28-Dec-2021 11:52:30:      Iteration 1, residual = 1.5333
28-Dec-2021 11:52:30:      Iteration 2, residual = 0.0037672
28-Dec-2021 11:52:30:      Iteration 3, residual = 5.5599e-05
28-Dec-2021 11:52:30:      Iteration 4, residual = 4.8148e-10
28-Dec-2021 11:52:30: ----------------------------------------------------
28-Dec-2021 11:52:30:      Time: t = 4, dt = 0.05, step no. 80
28-Dec-2021 11:52:30:      Iteration 1, residual = 1.2964
28-Dec-2021 11:52:30:      Iteration 2, residual = 0.011209
28-Dec-2021 11:52:30:      Iteration 3, residual = 2.712e-05
28-Dec-2021 11:52:30:      Iteration 4, residual = 8.9532e-11
28-Dec-2021 11:52:30: ----------------------------------------------------
28-Dec-2021 11:52:30:      Time: t = 4.05, dt = 0.05, step no. 81
28-Dec-2021 11:52:30:      Iteration 1, residual = 0.97647
28-Dec-2021 11:52:30:      Iteration 2, residual = 0.031873
28-Dec-2021 11:52:30:      Iteration 3, residual = 7.1969e-05
28-Dec-2021 11:52:30:      Iteration 4, residual = 1.0455e-09
28-Dec-2021 11:52:30:      Iteration 5, residual = 3.6276e-15
28-Dec-2021 11:52:30: ----------------------------------------------------
28-Dec-2021 11:52:30:      Time: t = 4.1, dt = 0.05, step no. 82
28-Dec-2021 11:52:30:      Iteration 1, residual = 0.65844
28-Dec-2021 11:52:30:      Iteration 2, residual = 0.049559
28-Dec-2021 11:52:30:      Iteration 3, residual = 0.00011883
28-Dec-2021 11:52:30:      Iteration 4, residual = 2.3926e-09
28-Dec-2021 11:52:30:      Iteration 5, residual = 9.3615e-16
28-Dec-2021 11:52:30: ----------------------------------------------------
28-Dec-2021 11:52:30:      Time: t = 4.15, dt = 0.05, step no. 83
28-Dec-2021 11:52:30:      Iteration 1, residual = 0.39333
28-Dec-2021 11:52:30:      Iteration 2, residual = 0.06516
28-Dec-2021 11:52:30:      Iteration 3, residual = 0.00017145
28-Dec-2021 11:52:30:      Iteration 4, residual = 3.1212e-09
28-Dec-2021 11:52:30:      Iteration 5, residual = 1.5241e-15
28-Dec-2021 11:52:30: ----------------------------------------------------
28-Dec-2021 11:52:30:      Time: t = 4.2, dt = 0.05, step no. 84
28-Dec-2021 11:52:30:      Iteration 1, residual = 0.26576
28-Dec-2021 11:52:30:      Iteration 2, residual = 0.079181
28-Dec-2021 11:52:30:      Iteration 3, residual = 0.00023212
28-Dec-2021 11:52:30:      Iteration 4, residual = 3.0106e-09
28-Dec-2021 11:52:30:      Iteration 5, residual = 3.2381e-15
28-Dec-2021 11:52:30: ----------------------------------------------------
28-Dec-2021 11:52:30:      Time: t = 4.25, dt = 0.05, step no. 85
28-Dec-2021 11:52:30:      Iteration 1, residual = 0.27407
28-Dec-2021 11:52:30:      Iteration 2, residual = 0.091928
28-Dec-2021 11:52:30:      Iteration 3, residual = 0.00030238
28-Dec-2021 11:52:30:      Iteration 4, residual = 4.2703e-09
28-Dec-2021 11:52:30:      Iteration 5, residual = 5.1574e-15
28-Dec-2021 11:52:30: ----------------------------------------------------
28-Dec-2021 11:52:30:      Time: t = 4.3, dt = 0.05, step no. 86
28-Dec-2021 11:52:30:      Iteration 1, residual = 0.27616
28-Dec-2021 11:52:30:      Iteration 2, residual = 0.10353
28-Dec-2021 11:52:30:      Iteration 3, residual = 0.00038306
28-Dec-2021 11:52:30:      Iteration 4, residual = 6.1443e-09
28-Dec-2021 11:52:30:      Iteration 5, residual = 4.4897e-15
28-Dec-2021 11:52:30: ----------------------------------------------------
28-Dec-2021 11:52:30:      Time: t = 4.35, dt = 0.05, step no. 87
28-Dec-2021 11:52:30:      Iteration 1, residual = 0.27196
28-Dec-2021 11:52:30:      Iteration 2, residual = 0.1138
28-Dec-2021 11:52:30:      Iteration 3, residual = 0.00047356
28-Dec-2021 11:52:30:      Iteration 4, residual = 8.5098e-09
28-Dec-2021 11:52:30:      Iteration 5, residual = 1.4199e-14
28-Dec-2021 11:52:30: ----------------------------------------------------
28-Dec-2021 11:52:30:      Time: t = 4.4, dt = 0.05, step no. 88
28-Dec-2021 11:52:30:      Iteration 1, residual = 0.26054
28-Dec-2021 11:52:30:      Iteration 2, residual = 0.12205
28-Dec-2021 11:52:30:      Iteration 3, residual = 0.00057018
28-Dec-2021 11:52:30:      Iteration 4, residual = 1.1325e-08
28-Dec-2021 11:52:30:      Iteration 5, residual = 8.342e-15
28-Dec-2021 11:52:30: ----------------------------------------------------
28-Dec-2021 11:52:30:      Time: t = 4.45, dt = 0.05, step no. 89
28-Dec-2021 11:52:30:      Iteration 1, residual = 0.24181
28-Dec-2021 11:52:30:      Iteration 2, residual = 0.12692
28-Dec-2021 11:52:30:      Iteration 3, residual = 0.00066387
28-Dec-2021 11:52:30:      Iteration 4, residual = 1.4326e-08
28-Dec-2021 11:52:30:      Iteration 5, residual = 1.1884e-14
28-Dec-2021 11:52:30: ----------------------------------------------------
28-Dec-2021 11:52:30:      Time: t = 4.5, dt = 0.05, step no. 90
28-Dec-2021 11:52:30:      Iteration 1, residual = 0.23468
28-Dec-2021 11:52:30:      Iteration 2, residual = 0.12635
28-Dec-2021 11:52:30:      Iteration 3, residual = 0.0007379
28-Dec-2021 11:52:30:      Iteration 4, residual = 1.6893e-08
28-Dec-2021 11:52:30:      Iteration 5, residual = 1.1433e-14
28-Dec-2021 11:52:30: ----------------------------------------------------
28-Dec-2021 11:52:30:      Time: t = 4.55, dt = 0.05, step no. 91
28-Dec-2021 11:52:30:      Iteration 1, residual = 0.23104
28-Dec-2021 11:52:30:      Iteration 2, residual = 0.11786
28-Dec-2021 11:52:30:      Iteration 3, residual = 0.00076785
28-Dec-2021 11:52:30:      Iteration 4, residual = 1.8055e-08
28-Dec-2021 11:52:30:      Iteration 5, residual = 1.1713e-14
28-Dec-2021 11:52:30: ----------------------------------------------------
28-Dec-2021 11:52:30:      Time: t = 4.6, dt = 0.05, step no. 92
28-Dec-2021 11:52:30:      Iteration 1, residual = 0.21193
28-Dec-2021 11:52:30:      Iteration 2, residual = 0.099239
28-Dec-2021 11:52:30:      Iteration 3, residual = 0.00072642
28-Dec-2021 11:52:30:      Iteration 4, residual = 1.686e-08
28-Dec-2021 11:52:30:      Iteration 5, residual = 5.9533e-15
28-Dec-2021 11:52:30: ----------------------------------------------------
28-Dec-2021 11:52:30:      Time: t = 4.65, dt = 0.05, step no. 93
28-Dec-2021 11:52:30:      Iteration 1, residual = 0.1733
28-Dec-2021 11:52:30:      Iteration 2, residual = 0.069775
28-Dec-2021 11:52:30:      Iteration 3, residual = 0.00059554
28-Dec-2021 11:52:30:      Iteration 4, residual = 1.3169e-08
28-Dec-2021 11:52:30:      Iteration 5, residual = 1.0987e-15
28-Dec-2021 11:52:30: ----------------------------------------------------
28-Dec-2021 11:52:30:      Time: t = 4.7, dt = 0.05, step no. 94
28-Dec-2021 11:52:30:      Iteration 1, residual = 0.14916
28-Dec-2021 11:52:30:      Iteration 2, residual = 0.031583
28-Dec-2021 11:52:30:      Iteration 3, residual = 0.00041228
28-Dec-2021 11:52:30:      Iteration 4, residual = 1.3607e-06
28-Dec-2021 11:52:30:      Iteration 5, residual = 5.0335e-14
28-Dec-2021 11:52:30: ----------------------------------------------------
28-Dec-2021 11:52:30:      Time: t = 4.75, dt = 0.05, step no. 95
28-Dec-2021 11:52:30:      Iteration 1, residual = 0.18923
28-Dec-2021 11:52:30:      Iteration 2, residual = 0.0068609
28-Dec-2021 11:52:30:      Iteration 3, residual = 0.00015592
28-Dec-2021 11:52:30:      Iteration 4, residual = 1.2136e-06
28-Dec-2021 11:52:30:      Iteration 5, residual = 1.533e-13
28-Dec-2021 11:52:30: ----------------------------------------------------
28-Dec-2021 11:52:30:      Time: t = 4.8, dt = 0.05, step no. 96
28-Dec-2021 11:52:30:      Iteration 1, residual = 0.23405
28-Dec-2021 11:52:30:      Iteration 2, residual = 0.008007
28-Dec-2021 11:52:30:      Iteration 3, residual = 3.6319e-05
28-Dec-2021 11:52:30:      Iteration 4, residual = 9.5912e-07
28-Dec-2021 11:52:30:      Iteration 5, residual = 3.4676e-13
28-Dec-2021 11:52:30: ----------------------------------------------------
28-Dec-2021 11:52:30:      Time: t = 4.85, dt = 0.05, step no. 97
28-Dec-2021 11:52:30:      Iteration 1, residual = 0.26917
28-Dec-2021 11:52:30:      Iteration 2, residual = 0.008792
28-Dec-2021 11:52:30:      Iteration 3, residual = 3.5459e-05
28-Dec-2021 11:52:30:      Iteration 4, residual = 3.0428e-09
28-Dec-2021 11:52:30:      Iteration 5, residual = 2.1887e-14
28-Dec-2021 11:52:30: ----------------------------------------------------
28-Dec-2021 11:52:30:      Time: t = 4.9, dt = 0.05, step no. 98
28-Dec-2021 11:52:30:      Iteration 1, residual = 0.32399
28-Dec-2021 11:52:30:      Iteration 2, residual = 0.01723
28-Dec-2021 11:52:30:      Iteration 3, residual = 3.1813e-05
28-Dec-2021 11:52:30:      Iteration 4, residual = 2.903e-09
28-Dec-2021 11:52:30:      Iteration 5, residual = 1.9868e-14
28-Dec-2021 11:52:30: ----------------------------------------------------
28-Dec-2021 11:52:30:      Time: t = 4.95, dt = 0.05, step no. 99
28-Dec-2021 11:52:30:      Iteration 1, residual = 0.36391
28-Dec-2021 11:52:30:      Iteration 2, residual = 0.04076
28-Dec-2021 11:52:30:      Iteration 3, residual = 3.5186e-05
28-Dec-2021 11:52:30:      Iteration 4, residual = 1.9817e-09
28-Dec-2021 11:52:30:      Iteration 5, residual = 1.412e-14
28-Dec-2021 11:52:30: ----------------------------------------------------
28-Dec-2021 11:52:30:      Time: t = 5, dt = 0.05, step no. 100
28-Dec-2021 11:52:30:      Iteration 1, residual = 0.40844
28-Dec-2021 11:52:30:      Iteration 2, residual = 0.055554
28-Dec-2021 11:52:30:      Iteration 3, residual = 4.394e-05
28-Dec-2021 11:52:30:      Iteration 4, residual = 1.0715e-09
28-Dec-2021 11:52:30:      Iteration 5, residual = 1.2698e-14
28-Dec-2021 11:52:30: ----------------------------------------------------
28-Dec-2021 11:52:30:      Time: t = 5.05, dt = 0.05, step no. 101
28-Dec-2021 11:52:30:      Iteration 1, residual = 0.50618
28-Dec-2021 11:52:30:      Iteration 2, residual = 0.056126
28-Dec-2021 11:52:30:      Iteration 3, residual = 5.2283e-05
28-Dec-2021 11:52:30:      Iteration 4, residual = 1.013e-09
28-Dec-2021 11:52:30:      Iteration 5, residual = 2.0689e-15
28-Dec-2021 11:52:30: ----------------------------------------------------
28-Dec-2021 11:52:30:      Time: t = 5.1, dt = 0.05, step no. 102
28-Dec-2021 11:52:30:      Iteration 1, residual = 1.0268
28-Dec-2021 11:52:30:      Iteration 2, residual = 0.041995
28-Dec-2021 11:52:30:      Iteration 3, residual = 0.000112
28-Dec-2021 11:52:30:      Iteration 4, residual = 1.7137e-09
28-Dec-2021 11:52:30:      Iteration 5, residual = 2.4861e-16
28-Dec-2021 11:52:30: ----------------------------------------------------
28-Dec-2021 11:52:30:      Time: t = 5.15, dt = 0.05, step no. 103
28-Dec-2021 11:52:30:      Iteration 1, residual = 1.3529
28-Dec-2021 11:52:30:      Iteration 2, residual = 0.017735
28-Dec-2021 11:52:30:      Iteration 3, residual = 0.00016295
28-Dec-2021 11:52:30:      Iteration 4, residual = 2.42e-09
28-Dec-2021 11:52:30:      Iteration 5, residual = 4.0335e-16
28-Dec-2021 11:52:30: ----------------------------------------------------
28-Dec-2021 11:52:30:      Time: t = 5.2, dt = 0.05, step no. 104
28-Dec-2021 11:52:30:      Iteration 1, residual = 1.455
28-Dec-2021 11:52:30:      Iteration 2, residual = 0.0059703
28-Dec-2021 11:52:30:      Iteration 3, residual = 0.00016609
28-Dec-2021 11:52:30:      Iteration 4, residual = 2.5775e-09
28-Dec-2021 11:52:30:      Iteration 5, residual = 5.6681e-16
28-Dec-2021 11:52:30: ----------------------------------------------------
28-Dec-2021 11:52:30:      Time: t = 5.25, dt = 0.05, step no. 105
28-Dec-2021 11:52:30:      Iteration 1, residual = 1.365
28-Dec-2021 11:52:30:      Iteration 2, residual = 0.0050388
28-Dec-2021 11:52:30:      Iteration 3, residual = 0.00013618
28-Dec-2021 11:52:30:      Iteration 4, residual = 2.2537e-09
28-Dec-2021 11:52:30:      Iteration 5, residual = 3.1001e-16
28-Dec-2021 11:52:30: ----------------------------------------------------
28-Dec-2021 11:52:30:      Time: t = 5.3, dt = 0.05, step no. 106
28-Dec-2021 11:52:30:      Iteration 1, residual = 1.1493
28-Dec-2021 11:52:30:      Iteration 2, residual = 0.0055054
28-Dec-2021 11:52:30:      Iteration 3, residual = 9.7645e-05
28-Dec-2021 11:52:30:      Iteration 4, residual = 1.8348e-09
28-Dec-2021 11:52:30:      Iteration 5, residual = 1.8043e-16
28-Dec-2021 11:52:30: ----------------------------------------------------
28-Dec-2021 11:52:30:      Time: t = 5.35, dt = 0.05, step no. 107
28-Dec-2021 11:52:30:      Iteration 1, residual = 0.87881
28-Dec-2021 11:52:30:      Iteration 2, residual = 0.0059645
28-Dec-2021 11:52:30:      Iteration 3, residual = 7.3295e-05
28-Dec-2021 11:52:30:      Iteration 4, residual = 1.5819e-09
28-Dec-2021 11:52:30:      Iteration 5, residual = 3.3433e-15
28-Dec-2021 11:52:30: ----------------------------------------------------
28-Dec-2021 11:52:30:      Time: t = 5.4, dt = 0.05, step no. 108
28-Dec-2021 11:52:30:      Iteration 1, residual = 0.60753
28-Dec-2021 11:52:30:      Iteration 2, residual = 0.006275
28-Dec-2021 11:52:30:      Iteration 3, residual = 7.6697e-05
28-Dec-2021 11:52:30:      Iteration 4, residual = 1.5577e-09
28-Dec-2021 11:52:30:      Iteration 5, residual = 1.8883e-15
28-Dec-2021 11:52:30: ----------------------------------------------------
28-Dec-2021 11:52:30:      Time: t = 5.45, dt = 0.05, step no. 109
28-Dec-2021 11:52:30:      Iteration 1, residual = 0.36514
28-Dec-2021 11:52:30:      Iteration 2, residual = 0.0063374
28-Dec-2021 11:52:30:      Iteration 3, residual = 0.00011127
28-Dec-2021 11:52:30:      Iteration 4, residual = 1.7999e-09
28-Dec-2021 11:52:30:      Iteration 5, residual = 1.5027e-15
28-Dec-2021 11:52:30: ----------------------------------------------------
28-Dec-2021 11:52:30:      Time: t = 5.5, dt = 0.05, step no. 110
28-Dec-2021 11:52:30:      Iteration 1, residual = 0.24018
28-Dec-2021 11:52:30:      Iteration 2, residual = 0.015918
28-Dec-2021 11:52:30:      Iteration 3, residual = 0.00017333
28-Dec-2021 11:52:30:      Iteration 4, residual = 2.4241e-09
28-Dec-2021 11:52:30:      Iteration 5, residual = 2.5088e-15
28-Dec-2021 11:52:30: ----------------------------------------------------
28-Dec-2021 11:52:30:      Time: t = 5.55, dt = 0.05, step no. 111
28-Dec-2021 11:52:30:      Iteration 1, residual = 0.2444
28-Dec-2021 11:52:30:      Iteration 2, residual = 0.033234
28-Dec-2021 11:52:30:      Iteration 3, residual = 0.0002548
28-Dec-2021 11:52:30:      Iteration 4, residual = 3.5657e-09
28-Dec-2021 11:52:30:      Iteration 5, residual = 2.4757e-15
28-Dec-2021 11:52:30: ----------------------------------------------------
28-Dec-2021 11:52:30:      Time: t = 5.6, dt = 0.05, step no. 112
28-Dec-2021 11:52:30:      Iteration 1, residual = 0.23904
28-Dec-2021 11:52:30:      Iteration 2, residual = 0.050098
28-Dec-2021 11:52:30:      Iteration 3, residual = 0.00034327
28-Dec-2021 11:52:30:      Iteration 4, residual = 5.2141e-09
28-Dec-2021 11:52:30:      Iteration 5, residual = 1.3152e-15
28-Dec-2021 11:52:30: ----------------------------------------------------
28-Dec-2021 11:52:30:      Time: t = 5.65, dt = 0.05, step no. 113
28-Dec-2021 11:52:30:      Iteration 1, residual = 0.21443
28-Dec-2021 11:52:30:      Iteration 2, residual = 0.062457
28-Dec-2021 11:52:30:      Iteration 3, residual = 0.00041953
28-Dec-2021 11:52:30:      Iteration 4, residual = 7.0067e-09
28-Dec-2021 11:52:30:      Iteration 5, residual = 1.5084e-15
28-Dec-2021 11:52:30: ----------------------------------------------------
28-Dec-2021 11:52:30:      Time: t = 5.7, dt = 0.05, step no. 114
28-Dec-2021 11:52:30:      Iteration 1, residual = 0.16848
28-Dec-2021 11:52:30:      Iteration 2, residual = 0.065661
28-Dec-2021 11:52:30:      Iteration 3, residual = 0.00045551
28-Dec-2021 11:52:30:      Iteration 4, residual = 8.1184e-09
28-Dec-2021 11:52:30:      Iteration 5, residual = 2.4193e-13
28-Dec-2021 11:52:30: ----------------------------------------------------
28-Dec-2021 11:52:30:      Time: t = 5.75, dt = 0.05, step no. 115
28-Dec-2021 11:52:30:      Iteration 1, residual = 0.13915
28-Dec-2021 11:52:30:      Iteration 2, residual = 0.055397
28-Dec-2021 11:52:30:      Iteration 3, residual = 0.0004181
28-Dec-2021 11:52:30:      Iteration 4, residual = 7.5782e-09
28-Dec-2021 11:52:30:      Iteration 5, residual = 3.0868e-16
28-Dec-2021 11:52:30: ----------------------------------------------------
28-Dec-2021 11:52:30:      Time: t = 5.8, dt = 0.05, step no. 116
28-Dec-2021 11:52:30:      Iteration 1, residual = 0.128
28-Dec-2021 11:52:30:      Iteration 2, residual = 0.029618
28-Dec-2021 11:52:30:      Iteration 3, residual = 0.0002848
28-Dec-2021 11:52:30:      Iteration 4, residual = 5.2379e-09
28-Dec-2021 11:52:30:      Iteration 5, residual = 8.4034e-16
28-Dec-2021 11:52:30: ----------------------------------------------------
28-Dec-2021 11:52:30:      Time: t = 5.85, dt = 0.05, step no. 117
28-Dec-2021 11:52:30:      Iteration 1, residual = 0.14197
28-Dec-2021 11:52:30:      Iteration 2, residual = 0.0057897
28-Dec-2021 11:52:30:      Iteration 3, residual = 6.7905e-05
28-Dec-2021 11:52:30:      Iteration 4, residual = 2.6295e-09
28-Dec-2021 11:52:30:      Iteration 5, residual = 2.009e-15
28-Dec-2021 11:52:30: ----------------------------------------------------
28-Dec-2021 11:52:30:      Time: t = 5.9, dt = 0.05, step no. 118
28-Dec-2021 11:52:30:      Iteration 1, residual = 0.23377
28-Dec-2021 11:52:30:      Iteration 2, residual = 0.0066535
28-Dec-2021 11:52:30:      Iteration 3, residual = 3.6338e-05
28-Dec-2021 11:52:30:      Iteration 4, residual = 1.9305e-09
28-Dec-2021 11:52:30:      Iteration 5, residual = 1.189e-14
28-Dec-2021 11:52:30: ----------------------------------------------------
28-Dec-2021 11:52:30:      Time: t = 5.95, dt = 0.05, step no. 119
28-Dec-2021 11:52:30:      Iteration 1, residual = 0.35604
28-Dec-2021 11:52:30:      Iteration 2, residual = 0.0081825
28-Dec-2021 11:52:30:      Iteration 3, residual = 3.2498e-05
28-Dec-2021 11:52:30:      Iteration 4, residual = 3.3018e-09
28-Dec-2021 11:52:30:      Iteration 5, residual = 2.1247e-14
28-Dec-2021 11:52:30: ----------------------------------------------------
28-Dec-2021 11:52:30:      Time: t = 6, dt = 0.05, step no. 120
28-Dec-2021 11:52:30:      Iteration 1, residual = 0.4562
28-Dec-2021 11:52:30:      Iteration 2, residual = 0.0090325
28-Dec-2021 11:52:30:      Iteration 3, residual = 2.8611e-05
28-Dec-2021 11:52:30:      Iteration 4, residual = 4.4705e-09
28-Dec-2021 11:52:30:      Iteration 5, residual = 2.5239e-14
28-Dec-2021 11:52:30: ----------------------------------------------------
28-Dec-2021 11:52:30:      Time: t = 6.05, dt = 0.05, step no. 121
28-Dec-2021 11:52:30:      Iteration 1, residual = 0.51638
28-Dec-2021 11:52:30:      Iteration 2, residual = 0.0083553
28-Dec-2021 11:52:30:      Iteration 3, residual = 2.4264e-05
28-Dec-2021 11:52:30:      Iteration 4, residual = 3.7877e-09
28-Dec-2021 11:52:30:      Iteration 5, residual = 2.7426e-14
28-Dec-2021 11:52:30: ----------------------------------------------------
28-Dec-2021 11:52:30:      Time: t = 6.1, dt = 0.05, step no. 122
28-Dec-2021 11:52:30:      Iteration 1, residual = 0.5253
28-Dec-2021 11:52:30:      Iteration 2, residual = 0.0065243
28-Dec-2021 11:52:30:      Iteration 3, residual = 2.0185e-05
28-Dec-2021 11:52:30:      Iteration 4, residual = 2.0112e-09
28-Dec-2021 11:52:30:      Iteration 5, residual = 8.6671e-15
28-Dec-2021 11:52:30: ----------------------------------------------------
28-Dec-2021 11:52:30:      Time: t = 6.15, dt = 0.05, step no. 123
28-Dec-2021 11:52:30:      Iteration 1, residual = 0.76841
28-Dec-2021 11:52:30:      Iteration 2, residual = 0.0042808
28-Dec-2021 11:52:30:      Iteration 3, residual = 1.6634e-05
28-Dec-2021 11:52:30:      Iteration 4, residual = 6.4208e-10
28-Dec-2021 11:52:30: ----------------------------------------------------
28-Dec-2021 11:52:30:      Time: t = 6.2, dt = 0.05, step no. 124
28-Dec-2021 11:52:30:      Iteration 1, residual = 1.3899
28-Dec-2021 11:52:30:      Iteration 2, residual = 0.0032903
28-Dec-2021 11:52:30:      Iteration 3, residual = 1.3906e-05
28-Dec-2021 11:52:30:      Iteration 4, residual = 1.9116e-10
28-Dec-2021 11:52:30: ----------------------------------------------------
28-Dec-2021 11:52:30:      Time: t = 6.25, dt = 0.05, step no. 125
28-Dec-2021 11:52:30:      Iteration 1, residual = 1.7268
28-Dec-2021 11:52:30:      Iteration 2, residual = 0.0038869
28-Dec-2021 11:52:30:      Iteration 3, residual = 1.752e-05
28-Dec-2021 11:52:30:      Iteration 4, residual = 2.913e-10
28-Dec-2021 11:52:30: ----------------------------------------------------
28-Dec-2021 11:52:30:      Time: t = 6.3, dt = 0.05, step no. 126
28-Dec-2021 11:52:30:      Iteration 1, residual = 1.7519
28-Dec-2021 11:52:30:      Iteration 2, residual = 0.004406
28-Dec-2021 11:52:30:      Iteration 3, residual = 5.0451e-05
28-Dec-2021 11:52:30:      Iteration 4, residual = 4.8371e-10
28-Dec-2021 11:52:30: ----------------------------------------------------
28-Dec-2021 11:52:30:      Time: t = 6.35, dt = 0.05, step no. 127
28-Dec-2021 11:52:30:      Iteration 1, residual = 1.5299
28-Dec-2021 11:52:30:      Iteration 2, residual = 0.00438
28-Dec-2021 11:52:30:      Iteration 3, residual = 6.2834e-05
28-Dec-2021 11:52:30:      Iteration 4, residual = 5.8063e-10
28-Dec-2021 11:52:30: ----------------------------------------------------
28-Dec-2021 11:52:30:      Time: t = 6.4, dt = 0.05, step no. 128
28-Dec-2021 11:52:30:      Iteration 1, residual = 1.1723
28-Dec-2021 11:52:30:      Iteration 2, residual = 0.0039148
28-Dec-2021 11:52:30:      Iteration 3, residual = 6.4738e-05
28-Dec-2021 11:52:30:      Iteration 4, residual = 5.9028e-10
28-Dec-2021 11:52:30: ----------------------------------------------------
28-Dec-2021 11:52:30:      Time: t = 6.45, dt = 0.05, step no. 129
28-Dec-2021 11:52:30:      Iteration 1, residual = 0.78745
28-Dec-2021 11:52:30:      Iteration 2, residual = 0.0033171
28-Dec-2021 11:52:30:      Iteration 3, residual = 6.2365e-05
28-Dec-2021 11:52:30:      Iteration 4, residual = 5.6095e-10
28-Dec-2021 11:52:30: ----------------------------------------------------
28-Dec-2021 11:52:30:      Time: t = 6.5, dt = 0.05, step no. 130
28-Dec-2021 11:52:30:      Iteration 1, residual = 0.45042
28-Dec-2021 11:52:30:      Iteration 2, residual = 0.0033267
28-Dec-2021 11:52:30:      Iteration 3, residual = 5.7496e-05
28-Dec-2021 11:52:30:      Iteration 4, residual = 5.1626e-10
28-Dec-2021 11:52:30: ----------------------------------------------------
28-Dec-2021 11:52:30:      Time: t = 6.55, dt = 0.05, step no. 131
28-Dec-2021 11:52:30:      Iteration 1, residual = 0.23683
28-Dec-2021 11:52:30:      Iteration 2, residual = 0.0033265
28-Dec-2021 11:52:30:      Iteration 3, residual = 4.9141e-05
28-Dec-2021 11:52:30:      Iteration 4, residual = 4.3063e-10
28-Dec-2021 11:52:30: ----------------------------------------------------
28-Dec-2021 11:52:30:      Time: t = 6.6, dt = 0.05, step no. 132
28-Dec-2021 11:52:30:      Iteration 1, residual = 0.22804
28-Dec-2021 11:52:30:      Iteration 2, residual = 0.0074536
28-Dec-2021 11:52:30:      Iteration 3, residual = 3.554e-05
28-Dec-2021 11:52:30:      Iteration 4, residual = 3.8588e-10
28-Dec-2021 11:52:30: ----------------------------------------------------
28-Dec-2021 11:52:30:      Time: t = 6.65, dt = 0.05, step no. 133
28-Dec-2021 11:52:30:      Iteration 1, residual = 0.24314
28-Dec-2021 11:52:30:      Iteration 2, residual = 0.042133
28-Dec-2021 11:52:30:      Iteration 3, residual = 1.7049e-05
28-Dec-2021 11:52:30:      Iteration 4, residual = 3.0586e-10
28-Dec-2021 11:52:30: ----------------------------------------------------
28-Dec-2021 11:52:30:      Time: t = 6.7, dt = 0.05, step no. 134
28-Dec-2021 11:52:30:      Iteration 1, residual = 0.24981
28-Dec-2021 11:52:30:      Iteration 2, residual = 0.077534
28-Dec-2021 11:52:31:      Iteration 3, residual = 4.756e-05
28-Dec-2021 11:52:31:      Iteration 4, residual = 4.9304e-10
28-Dec-2021 11:52:31: ----------------------------------------------------
28-Dec-2021 11:52:31:      Time: t = 6.75, dt = 0.05, step no. 135
28-Dec-2021 11:52:31:      Iteration 1, residual = 0.2503
28-Dec-2021 11:52:31:      Iteration 2, residual = 0.10897
28-Dec-2021 11:52:31:      Iteration 3, residual = 0.00010164
28-Dec-2021 11:52:31:      Iteration 4, residual = 1.4252e-09
28-Dec-2021 11:52:31:      Iteration 5, residual = 2.498e-16
28-Dec-2021 11:52:31: ----------------------------------------------------
28-Dec-2021 11:52:31:      Time: t = 6.8, dt = 0.05, step no. 136
28-Dec-2021 11:52:31:      Iteration 1, residual = 0.24053
28-Dec-2021 11:52:31:      Iteration 2, residual = 0.12954
28-Dec-2021 11:52:31:      Iteration 3, residual = 0.00017267
28-Dec-2021 11:52:31:      Iteration 4, residual = 2.898e-09
28-Dec-2021 11:52:31:      Iteration 5, residual = 2.0149e-15
28-Dec-2021 11:52:31: ----------------------------------------------------
28-Dec-2021 11:52:31:      Time: t = 6.85, dt = 0.05, step no. 137
28-Dec-2021 11:52:31:      Iteration 1, residual = 0.21449
28-Dec-2021 11:52:31:      Iteration 2, residual = 0.12988
28-Dec-2021 11:52:31:      Iteration 3, residual = 0.00022922
28-Dec-2021 11:52:31:      Iteration 4, residual = 3.9971e-09
28-Dec-2021 11:52:31:      Iteration 5, residual = 2.9361e-15
28-Dec-2021 11:52:31: ----------------------------------------------------
28-Dec-2021 11:52:31:      Time: t = 6.9, dt = 0.05, step no. 138
28-Dec-2021 11:52:31:      Iteration 1, residual = 0.16651
28-Dec-2021 11:52:31:      Iteration 2, residual = 0.10007
28-Dec-2021 11:52:31:      Iteration 3, residual = 0.00021546
28-Dec-2021 11:52:31:      Iteration 4, residual = 3.1365e-09
28-Dec-2021 11:52:31:      Iteration 5, residual = 1.0969e-15
28-Dec-2021 11:52:31: ----------------------------------------------------
28-Dec-2021 11:52:31:      Time: t = 6.95, dt = 0.05, step no. 139
28-Dec-2021 11:52:31:      Iteration 1, residual = 0.10919
28-Dec-2021 11:52:31:      Iteration 2, residual = 0.034934
28-Dec-2021 11:52:31:      Iteration 3, residual = 8.6308e-05
28-Dec-2021 11:52:31:      Iteration 4, residual = 6.1323e-10
28-Dec-2021 11:52:31: ----------------------------------------------------
28-Dec-2021 11:52:31:      Time: t = 7, dt = 0.05, step no. 140
28-Dec-2021 11:52:31:      Iteration 1, residual = 0.12185
28-Dec-2021 11:52:31:      Iteration 2, residual = 0.0057648
28-Dec-2021 11:52:31:      Iteration 3, residual = 8.9483e-06
28-Dec-2021 11:52:31:      Iteration 4, residual = 5.9038e-10
28-Dec-2021 11:52:31: ----------------------------------------------------
28-Dec-2021 11:52:31:      Time: t = 7.05, dt = 0.05, step no. 141
28-Dec-2021 11:52:31:      Iteration 1, residual = 0.21524
28-Dec-2021 11:52:31:      Iteration 2, residual = 0.0077018
28-Dec-2021 11:52:31:      Iteration 3, residual = 3.789e-05
28-Dec-2021 11:52:31:      Iteration 4, residual = 5.0824e-09
28-Dec-2021 11:52:31:      Iteration 5, residual = 3.4848e-15
28-Dec-2021 11:52:31: ----------------------------------------------------
28-Dec-2021 11:52:31:      Time: t = 7.1, dt = 0.05, step no. 142
28-Dec-2021 11:52:31:      Iteration 1, residual = 0.3109
28-Dec-2021 11:52:31:      Iteration 2, residual = 0.020335
28-Dec-2021 11:52:31:      Iteration 3, residual = 0.00014183
28-Dec-2021 11:52:31:      Iteration 4, residual = 7.3781e-09
28-Dec-2021 11:52:31:      Iteration 5, residual = 2.4695e-15
28-Dec-2021 11:52:31: ----------------------------------------------------
28-Dec-2021 11:52:31:      Time: t = 7.15, dt = 0.05, step no. 143
28-Dec-2021 11:52:31:      Iteration 1, residual = 0.39189
28-Dec-2021 11:52:31:      Iteration 2, residual = 0.064635
28-Dec-2021 11:52:31:      Iteration 3, residual = 0.00028141
28-Dec-2021 11:52:31:      Iteration 4, residual = 3.5852e-09
28-Dec-2021 11:52:31:      Iteration 5, residual = 1.9364e-15
28-Dec-2021 11:52:31: ----------------------------------------------------
28-Dec-2021 11:52:31:      Time: t = 7.2, dt = 0.05, step no. 144
28-Dec-2021 11:52:31:      Iteration 1, residual = 0.4521
28-Dec-2021 11:52:31:      Iteration 2, residual = 0.10598
28-Dec-2021 11:52:31:      Iteration 3, residual = 0.00045148
28-Dec-2021 11:52:31:      Iteration 4, residual = 7.6733e-09
28-Dec-2021 11:52:31:      Iteration 5, residual = 6.4301e-15
28-Dec-2021 11:52:31: ----------------------------------------------------
28-Dec-2021 11:52:31:      Time: t = 7.25, dt = 0.05, step no. 145
28-Dec-2021 11:52:31:      Iteration 1, residual = 0.46693
28-Dec-2021 11:52:31:      Iteration 2, residual = 0.1324
28-Dec-2021 11:52:31:      Iteration 3, residual = 0.00062113
28-Dec-2021 11:52:31:      Iteration 4, residual = 1.5123e-06
28-Dec-2021 11:52:31:      Iteration 5, residual = 1.1679e-14
28-Dec-2021 11:52:31: ----------------------------------------------------
28-Dec-2021 11:52:31:      Time: t = 7.3, dt = 0.05, step no. 146
28-Dec-2021 11:52:31:      Iteration 1, residual = 0.65246
28-Dec-2021 11:52:31:      Iteration 2, residual = 0.1343
28-Dec-2021 11:52:31:      Iteration 3, residual = 0.00073214
28-Dec-2021 11:52:31:      Iteration 4, residual = 1.7296e-08
28-Dec-2021 11:52:31:      Iteration 5, residual = 1.4009e-14
28-Dec-2021 11:52:31: ----------------------------------------------------
28-Dec-2021 11:52:31:      Time: t = 7.35, dt = 0.05, step no. 147
28-Dec-2021 11:52:31:      Iteration 1, residual = 0.96767
28-Dec-2021 11:52:31:      Iteration 2, residual = 0.10907
28-Dec-2021 11:52:31:      Iteration 3, residual = 0.00070831
28-Dec-2021 11:52:31:      Iteration 4, residual = 1.6532e-08
28-Dec-2021 11:52:31:      Iteration 5, residual = 1.2349e-14
28-Dec-2021 11:52:31: ----------------------------------------------------
28-Dec-2021 11:52:31:      Time: t = 7.4, dt = 0.05, step no. 148
28-Dec-2021 11:52:31:      Iteration 1, residual = 0.93476
28-Dec-2021 11:52:31:      Iteration 2, residual = 0.062988
28-Dec-2021 11:52:31:      Iteration 3, residual = 0.00052557
28-Dec-2021 11:52:31:      Iteration 4, residual = 1.0729e-08
28-Dec-2021 11:52:31:      Iteration 5, residual = 2.6013e-15
28-Dec-2021 11:52:31: ----------------------------------------------------
28-Dec-2021 11:52:31:      Time: t = 7.45, dt = 0.05, step no. 149
28-Dec-2021 11:52:31:      Iteration 1, residual = 0.67424
28-Dec-2021 11:52:31:      Iteration 2, residual = 0.0083056
28-Dec-2021 11:52:31:      Iteration 3, residual = 0.00023594
28-Dec-2021 11:52:31:      Iteration 4, residual = 4.3757e-09
28-Dec-2021 11:52:31:      Iteration 5, residual = 2.3676e-15
28-Dec-2021 11:52:31: ----------------------------------------------------
28-Dec-2021 11:52:31:      Time: t = 7.5, dt = 0.05, step no. 150
28-Dec-2021 11:52:31:      Iteration 1, residual = 0.39768
28-Dec-2021 11:52:31:      Iteration 2, residual = 0.009708
28-Dec-2021 11:52:31:      Iteration 3, residual = 2.9855e-05
28-Dec-2021 11:52:31:      Iteration 4, residual = 1.6526e-09
28-Dec-2021 11:52:31:      Iteration 5, residual = 5.3662e-15
28-Dec-2021 11:52:31: ----------------------------------------------------
28-Dec-2021 11:52:31:      Time: t = 7.55, dt = 0.05, step no. 151
28-Dec-2021 11:52:31:      Iteration 1, residual = 0.15776
28-Dec-2021 11:52:31:      Iteration 2, residual = 0.01035
28-Dec-2021 11:52:31:      Iteration 3, residual = 3.1145e-05
28-Dec-2021 11:52:31:      Iteration 4, residual = 2.5323e-09
28-Dec-2021 11:52:31:      Iteration 5, residual = 1.813e-14
28-Dec-2021 11:52:31: ----------------------------------------------------
28-Dec-2021 11:52:31:      Time: t = 7.6, dt = 0.05, step no. 152
28-Dec-2021 11:52:31:      Iteration 1, residual = 0.20074
28-Dec-2021 11:52:31:      Iteration 2, residual = 0.010234
28-Dec-2021 11:52:31:      Iteration 3, residual = 2.9609e-05
28-Dec-2021 11:52:31:      Iteration 4, residual = 4.4713e-09
28-Dec-2021 11:52:31:      Iteration 5, residual = 2.3875e-14
28-Dec-2021 11:52:31: ----------------------------------------------------
28-Dec-2021 11:52:31:      Time: t = 7.65, dt = 0.05, step no. 153
28-Dec-2021 11:52:31:      Iteration 1, residual = 0.22805
28-Dec-2021 11:52:31:      Iteration 2, residual = 0.009652
28-Dec-2021 11:52:31:      Iteration 3, residual = 2.8836e-05
28-Dec-2021 11:52:31:      Iteration 4, residual = 5.5041e-09
28-Dec-2021 11:52:31:      Iteration 5, residual = 2.4911e-14
28-Dec-2021 11:52:31: ----------------------------------------------------
28-Dec-2021 11:52:31:      Time: t = 7.7, dt = 0.05, step no. 154
28-Dec-2021 11:52:31:      Iteration 1, residual = 0.24526
28-Dec-2021 11:52:31:      Iteration 2, residual = 0.0092719
28-Dec-2021 11:52:31:      Iteration 3, residual = 2.5987e-05
28-Dec-2021 11:52:31:      Iteration 4, residual = 5.1622e-09
28-Dec-2021 11:52:31:      Iteration 5, residual = 1.8275e-14
28-Dec-2021 11:52:31: ----------------------------------------------------
28-Dec-2021 11:52:31:      Time: t = 7.75, dt = 0.05, step no. 155
28-Dec-2021 11:52:31:      Iteration 1, residual = 0.26798
28-Dec-2021 11:52:31:      Iteration 2, residual = 0.021996
28-Dec-2021 11:52:31:      Iteration 3, residual = 2.1049e-05
28-Dec-2021 11:52:31:      Iteration 4, residual = 3.8722e-09
28-Dec-2021 11:52:31:      Iteration 5, residual = 1.234e-14
28-Dec-2021 11:52:31: ----------------------------------------------------
28-Dec-2021 11:52:31:      Time: t = 7.8, dt = 0.05, step no. 156
28-Dec-2021 11:52:31:      Iteration 1, residual = 0.28451
28-Dec-2021 11:52:31:      Iteration 2, residual = 0.068492
28-Dec-2021 11:52:31:      Iteration 3, residual = 1.6291e-05
28-Dec-2021 11:52:31:      Iteration 4, residual = 2.2803e-09
28-Dec-2021 11:52:31:      Iteration 5, residual = 6.5533e-15
28-Dec-2021 11:52:31: ----------------------------------------------------
28-Dec-2021 11:52:31:      Time: t = 7.85, dt = 0.05, step no. 157
28-Dec-2021 11:52:31:      Iteration 1, residual = 0.28428
28-Dec-2021 11:52:31:      Iteration 2, residual = 0.10983
28-Dec-2021 11:52:31:      Iteration 3, residual = 5.1561e-05
28-Dec-2021 11:52:31:      Iteration 4, residual = 9.3311e-10
28-Dec-2021 11:52:31: ----------------------------------------------------
28-Dec-2021 11:52:31:      Time: t = 7.9, dt = 0.05, step no. 158
28-Dec-2021 11:52:31:      Iteration 1, residual = 0.26129
28-Dec-2021 11:52:31:      Iteration 2, residual = 0.13704
28-Dec-2021 11:52:31:      Iteration 3, residual = 0.00010809
28-Dec-2021 11:52:31:      Iteration 4, residual = 1.4226e-09
28-Dec-2021 11:52:31:      Iteration 5, residual = 9.8986e-16
28-Dec-2021 11:52:31: ----------------------------------------------------
28-Dec-2021 11:52:31:      Time: t = 7.95, dt = 0.05, step no. 159
28-Dec-2021 11:52:31:      Iteration 1, residual = 0.39328
28-Dec-2021 11:52:31:      Iteration 2, residual = 0.13674
28-Dec-2021 11:52:31:      Iteration 3, residual = 0.00015155
28-Dec-2021 11:52:31:      Iteration 4, residual = 1.9524e-09
28-Dec-2021 11:52:31:      Iteration 5, residual = 3.1046e-15
28-Dec-2021 11:52:31: ----------------------------------------------------
28-Dec-2021 11:52:31:      Time: t = 8, dt = 0.05, step no. 160
28-Dec-2021 11:52:31:      Iteration 1, residual = 0.5195
28-Dec-2021 11:52:31:      Iteration 2, residual = 0.095435
28-Dec-2021 11:52:31:      Iteration 3, residual = 0.00012217
28-Dec-2021 11:52:31:      Iteration 4, residual = 9.5804e-10
28-Dec-2021 11:52:31: ----------------------------------------------------
28-Dec-2021 11:52:31:      Time: t = 8.05, dt = 0.05, step no. 161
28-Dec-2021 11:52:31:      Iteration 1, residual = 0.53232
28-Dec-2021 11:52:31:      Iteration 2, residual = 0.034539
28-Dec-2021 11:52:31:      Iteration 3, residual = 0.00011318
28-Dec-2021 11:52:31:      Iteration 4, residual = 6.9924e-10
28-Dec-2021 11:52:31: ----------------------------------------------------
28-Dec-2021 11:52:31:      Time: t = 8.1, dt = 0.05, step no. 162
28-Dec-2021 11:52:31:      Iteration 1, residual = 0.40577
28-Dec-2021 11:52:31:      Iteration 2, residual = 0.026135
28-Dec-2021 11:52:31:      Iteration 3, residual = 9.4323e-05
28-Dec-2021 11:52:31:      Iteration 4, residual = 1.9215e-09
28-Dec-2021 11:52:31:      Iteration 5, residual = 5.0945e-16
28-Dec-2021 11:52:31: ----------------------------------------------------
28-Dec-2021 11:52:31:      Time: t = 8.15, dt = 0.05, step no. 163
28-Dec-2021 11:52:31:      Iteration 1, residual = 0.4983
28-Dec-2021 11:52:31:      Iteration 2, residual = 0.0092976
28-Dec-2021 11:52:31:      Iteration 3, residual = 4.6642e-05
28-Dec-2021 11:52:31:      Iteration 4, residual = 2.9819e-09
28-Dec-2021 11:52:31:      Iteration 5, residual = 5.6093e-16
28-Dec-2021 11:52:31: ----------------------------------------------------
28-Dec-2021 11:52:31:      Time: t = 8.2, dt = 0.05, step no. 164
28-Dec-2021 11:52:31:      Iteration 1, residual = 0.64513
28-Dec-2021 11:52:31:      Iteration 2, residual = 0.00737
28-Dec-2021 11:52:31:      Iteration 3, residual = 6.6494e-06
28-Dec-2021 11:52:31:      Iteration 4, residual = 8.6564e-10
28-Dec-2021 11:52:31: ----------------------------------------------------
28-Dec-2021 11:52:31:      Time: t = 8.25, dt = 0.05, step no. 165
28-Dec-2021 11:52:31:      Iteration 1, residual = 0.70102
28-Dec-2021 11:52:31:      Iteration 2, residual = 0.002919
28-Dec-2021 11:52:31:      Iteration 3, residual = 6.7533e-06
28-Dec-2021 11:52:31:      Iteration 4, residual = 1.2202e-07
28-Dec-2021 11:52:31:      Iteration 5, residual = 1.5802e-13
28-Dec-2021 11:52:31: ----------------------------------------------------
28-Dec-2021 11:52:31:      Time: t = 8.3, dt = 0.05, step no. 166
28-Dec-2021 11:52:31:      Iteration 1, residual = 0.70212
28-Dec-2021 11:52:31:      Iteration 2, residual = 0.062406
28-Dec-2021 11:52:31:      Iteration 3, residual = 6.6839e-06
28-Dec-2021 11:52:31:      Iteration 4, residual = 8.6764e-11
28-Dec-2021 11:52:31: ----------------------------------------------------
28-Dec-2021 11:52:31:      Time: t = 8.35, dt = 0.05, step no. 167
28-Dec-2021 11:52:31:      Iteration 1, residual = 0.59764
28-Dec-2021 11:52:31:      Iteration 2, residual = 0.11786
28-Dec-2021 11:52:31:      Iteration 3, residual = 4.9712e-05
28-Dec-2021 11:52:31:      Iteration 4, residual = 6.7901e-10
28-Dec-2021 11:52:31: ----------------------------------------------------
28-Dec-2021 11:52:31:      Time: t = 8.4, dt = 0.05, step no. 168
28-Dec-2021 11:52:31:      Iteration 1, residual = 0.42034
28-Dec-2021 11:52:31:      Iteration 2, residual = 0.10051
28-Dec-2021 11:52:31:      Iteration 3, residual = 7.9028e-05
28-Dec-2021 11:52:31:      Iteration 4, residual = 8.8218e-10
28-Dec-2021 11:52:31: ----------------------------------------------------
28-Dec-2021 11:52:31:      Time: t = 8.45, dt = 0.05, step no. 169
28-Dec-2021 11:52:31:      Iteration 1, residual = 0.21864
28-Dec-2021 11:52:31:      Iteration 2, residual = 0.040846
28-Dec-2021 11:52:31:      Iteration 3, residual = 4.255e-05
28-Dec-2021 11:52:31:      Iteration 4, residual = 1.3377e-10
28-Dec-2021 11:52:31: ----------------------------------------------------
28-Dec-2021 11:52:31:      Time: t = 8.5, dt = 0.05, step no. 170
28-Dec-2021 11:52:31:      Iteration 1, residual = 0.0842
28-Dec-2021 11:52:31:      Iteration 2, residual = 0.0079071
28-Dec-2021 11:52:31:      Iteration 3, residual = 4.8923e-06
28-Dec-2021 11:52:31:      Iteration 4, residual = 7.3042e-11
28-Dec-2021 11:52:31: ----------------------------------------------------
28-Dec-2021 11:52:31:      Time: t = 8.55, dt = 0.05, step no. 171
28-Dec-2021 11:52:31:      Iteration 1, residual = 0.1681
28-Dec-2021 11:52:31:      Iteration 2, residual = 0.0069475
28-Dec-2021 11:52:31:      Iteration 3, residual = 2.9902e-05
28-Dec-2021 11:52:31:      Iteration 4, residual = 3.4779e-10
28-Dec-2021 11:52:31: ----------------------------------------------------
28-Dec-2021 11:52:31:      Time: t = 8.6, dt = 0.05, step no. 172
28-Dec-2021 11:52:31:      Iteration 1, residual = 0.23093
28-Dec-2021 11:52:31:      Iteration 2, residual = 0.023445
28-Dec-2021 11:52:31:      Iteration 3, residual = 7.6548e-05
28-Dec-2021 11:52:31:      Iteration 4, residual = 3.7929e-10
28-Dec-2021 11:52:31: ----------------------------------------------------
28-Dec-2021 11:52:31:      Time: t = 8.65, dt = 0.05, step no. 173
28-Dec-2021 11:52:31:      Iteration 1, residual = 0.26577
28-Dec-2021 11:52:31:      Iteration 2, residual = 0.040157
28-Dec-2021 11:52:31:      Iteration 3, residual = 0.00012959
28-Dec-2021 11:52:31:      Iteration 4, residual = 9.1979e-10
28-Dec-2021 11:52:31: ----------------------------------------------------
28-Dec-2021 11:52:31:      Time: t = 8.7, dt = 0.05, step no. 174
28-Dec-2021 11:52:31:      Iteration 1, residual = 0.29282
28-Dec-2021 11:52:31:      Iteration 2, residual = 0.054466
28-Dec-2021 11:52:31:      Iteration 3, residual = 0.00018414
28-Dec-2021 11:52:31:      Iteration 4, residual = 1.6798e-09
28-Dec-2021 11:52:31:      Iteration 5, residual = 2.1139e-15
28-Dec-2021 11:52:31: ----------------------------------------------------
28-Dec-2021 11:52:31:      Time: t = 8.75, dt = 0.05, step no. 175
28-Dec-2021 11:52:31:      Iteration 1, residual = 0.29805
28-Dec-2021 11:52:31:      Iteration 2, residual = 0.06485
28-Dec-2021 11:52:31:      Iteration 3, residual = 0.0002407
28-Dec-2021 11:52:31:      Iteration 4, residual = 1.7413e-07
28-Dec-2021 11:52:31:      Iteration 5, residual = 1.8041e-15
28-Dec-2021 11:52:31: ----------------------------------------------------
28-Dec-2021 11:52:31:      Time: t = 8.8, dt = 0.05, step no. 176
28-Dec-2021 11:52:31:      Iteration 1, residual = 0.28808
28-Dec-2021 11:52:31:      Iteration 2, residual = 0.070408
28-Dec-2021 11:52:31:      Iteration 3, residual = 0.00027989
28-Dec-2021 11:52:31:      Iteration 4, residual = 3.3672e-09
28-Dec-2021 11:52:31:      Iteration 5, residual = 3.2901e-15
28-Dec-2021 11:52:31: ----------------------------------------------------
28-Dec-2021 11:52:31:      Time: t = 8.85, dt = 0.05, step no. 177
28-Dec-2021 11:52:31:      Iteration 1, residual = 0.26678
28-Dec-2021 11:52:31:      Iteration 2, residual = 0.070327
28-Dec-2021 11:52:31:      Iteration 3, residual = 0.00030963
28-Dec-2021 11:52:31:      Iteration 4, residual = 3.9582e-09
28-Dec-2021 11:52:31:      Iteration 5, residual = 2.7625e-15
28-Dec-2021 11:52:31: ----------------------------------------------------
28-Dec-2021 11:52:31:      Time: t = 8.9, dt = 0.05, step no. 178
28-Dec-2021 11:52:31:      Iteration 1, residual = 0.32662
28-Dec-2021 11:52:31:      Iteration 2, residual = 0.095617
28-Dec-2021 11:52:31:      Iteration 3, residual = 0.00031667
28-Dec-2021 11:52:31:      Iteration 4, residual = 4.1164e-09
28-Dec-2021 11:52:31:      Iteration 5, residual = 1.2466e-15
28-Dec-2021 11:52:31: ----------------------------------------------------
28-Dec-2021 11:52:31:      Time: t = 8.95, dt = 0.05, step no. 179
28-Dec-2021 11:52:31:      Iteration 1, residual = 0.44147
28-Dec-2021 11:52:31:      Iteration 2, residual = 0.11108
28-Dec-2021 11:52:31:      Iteration 3, residual = 0.00029244
28-Dec-2021 11:52:31:      Iteration 4, residual = 3.6988e-09
28-Dec-2021 11:52:31:      Iteration 5, residual = 1.46e-15
28-Dec-2021 11:52:31: ----------------------------------------------------
28-Dec-2021 11:52:31:      Time: t = 9, dt = 0.05, step no. 180
28-Dec-2021 11:52:31:      Iteration 1, residual = 0.51546
28-Dec-2021 11:52:31:      Iteration 2, residual = 0.10482
28-Dec-2021 11:52:31:      Iteration 3, residual = 0.00023291
28-Dec-2021 11:52:31:      Iteration 4, residual = 2.7651e-09
28-Dec-2021 11:52:31:      Iteration 5, residual = 2.0739e-15
28-Dec-2021 11:52:31: ----------------------------------------------------
28-Dec-2021 11:52:31:      Time: t = 9.05, dt = 0.05, step no. 181
28-Dec-2021 11:52:31:      Iteration 1, residual = 0.5123
28-Dec-2021 11:52:31:      Iteration 2, residual = 0.067029
28-Dec-2021 11:52:31:      Iteration 3, residual = 0.00014519
28-Dec-2021 11:52:31:      Iteration 4, residual = 1.6611e-09
28-Dec-2021 11:52:31:      Iteration 5, residual = 8.8416e-16
28-Dec-2021 11:52:31: ----------------------------------------------------
28-Dec-2021 11:52:31:      Time: t = 9.1, dt = 0.05, step no. 182
28-Dec-2021 11:52:31:      Iteration 1, residual = 0.3965
28-Dec-2021 11:52:31:      Iteration 2, residual = 0.0053847
28-Dec-2021 11:52:31:      Iteration 3, residual = 5.0428e-05
28-Dec-2021 11:52:31:      Iteration 4, residual = 8.4575e-10
28-Dec-2021 11:52:31: ----------------------------------------------------
28-Dec-2021 11:52:31:      Time: t = 9.15, dt = 0.05, step no. 183
28-Dec-2021 11:52:31:      Iteration 1, residual = 0.16519
28-Dec-2021 11:52:31:      Iteration 2, residual = 0.005385
28-Dec-2021 11:52:31:      Iteration 3, residual = 2.2636e-05
28-Dec-2021 11:52:31:      Iteration 4, residual = 1.1617e-09
28-Dec-2021 11:52:31:      Iteration 5, residual = 1.4983e-15
28-Dec-2021 11:52:31: ----------------------------------------------------
28-Dec-2021 11:52:31:      Time: t = 9.2, dt = 0.05, step no. 184
28-Dec-2021 11:52:31:      Iteration 1, residual = 0.2584
28-Dec-2021 11:52:31:      Iteration 2, residual = 0.0075189
28-Dec-2021 11:52:31:      Iteration 3, residual = 2.1767e-05
28-Dec-2021 11:52:31:      Iteration 4, residual = 2.5618e-09
28-Dec-2021 11:52:31:      Iteration 5, residual = 3.6354e-15
28-Dec-2021 11:52:31: ----------------------------------------------------
28-Dec-2021 11:52:31:      Time: t = 9.25, dt = 0.05, step no. 185
28-Dec-2021 11:52:31:      Iteration 1, residual = 0.37154
28-Dec-2021 11:52:31:      Iteration 2, residual = 0.0075708
28-Dec-2021 11:52:31:      Iteration 3, residual = 2.003e-05
28-Dec-2021 11:52:31:      Iteration 4, residual = 1.3083e-09
28-Dec-2021 11:52:31:      Iteration 5, residual = 3.2206e-15
28-Dec-2021 11:52:31: ----------------------------------------------------
28-Dec-2021 11:52:31:      Time: t = 9.3, dt = 0.05, step no. 186
28-Dec-2021 11:52:31:      Iteration 1, residual = 0.44282
28-Dec-2021 11:52:31:      Iteration 2, residual = 0.0046269
28-Dec-2021 11:52:31:      Iteration 3, residual = 1.7757e-05
28-Dec-2021 11:52:31:      Iteration 4, residual = 4.3083e-10
28-Dec-2021 11:52:31: ----------------------------------------------------
28-Dec-2021 11:52:31:      Time: t = 9.35, dt = 0.05, step no. 187
28-Dec-2021 11:52:31:      Iteration 1, residual = 0.466
28-Dec-2021 11:52:31:      Iteration 2, residual = 0.021687
28-Dec-2021 11:52:31:      Iteration 3, residual = 1.5618e-05
28-Dec-2021 11:52:31:      Iteration 4, residual = 4.054e-10
28-Dec-2021 11:52:31: ----------------------------------------------------
28-Dec-2021 11:52:31:      Time: t = 9.4, dt = 0.05, step no. 188
28-Dec-2021 11:52:31:      Iteration 1, residual = 0.44397
28-Dec-2021 11:52:31:      Iteration 2, residual = 0.10818
28-Dec-2021 11:52:31:      Iteration 3, residual = 3.1877e-05
28-Dec-2021 11:52:31:      Iteration 4, residual = 6.2875e-10
28-Dec-2021 11:52:31: ----------------------------------------------------
28-Dec-2021 11:52:31:      Time: t = 9.45, dt = 0.05, step no. 189
28-Dec-2021 11:52:31:      Iteration 1, residual = 0.44464
28-Dec-2021 11:52:31:      Iteration 2, residual = 0.13259
28-Dec-2021 11:52:31:      Iteration 3, residual = 9.3088e-05
28-Dec-2021 11:52:31:      Iteration 4, residual = 1.5166e-09
28-Dec-2021 11:52:31:      Iteration 5, residual = 5.2132e-15
28-Dec-2021 11:52:31: ----------------------------------------------------
28-Dec-2021 11:52:31:      Time: t = 9.5, dt = 0.05, step no. 190
28-Dec-2021 11:52:31:      Iteration 1, residual = 0.48995
28-Dec-2021 11:52:31:      Iteration 2, residual = 0.095722
28-Dec-2021 11:52:31:      Iteration 3, residual = 9.9645e-05
28-Dec-2021 11:52:31:      Iteration 4, residual = 3.167e-09
28-Dec-2021 11:52:31:      Iteration 5, residual = 7.9176e-15
28-Dec-2021 11:52:31: ----------------------------------------------------
28-Dec-2021 11:52:31:      Time: t = 9.55, dt = 0.05, step no. 191
28-Dec-2021 11:52:31:      Iteration 1, residual = 0.38364
28-Dec-2021 11:52:31:      Iteration 2, residual = 0.02885
28-Dec-2021 11:52:31:      Iteration 3, residual = 3.4053e-05
28-Dec-2021 11:52:31:      Iteration 4, residual = 4.6515e-09
28-Dec-2021 11:52:31:      Iteration 5, residual = 7.9508e-15
28-Dec-2021 11:52:31: ----------------------------------------------------
28-Dec-2021 11:52:31:      Time: t = 9.6, dt = 0.05, step no. 192
28-Dec-2021 11:52:31:      Iteration 1, residual = 0.21003
28-Dec-2021 11:52:31:      Iteration 2, residual = 0.0097845
28-Dec-2021 11:52:31:      Iteration 3, residual = 1.6885e-05
28-Dec-2021 11:52:31:      Iteration 4, residual = 4.7326e-09
28-Dec-2021 11:52:31:      Iteration 5, residual = 9.074e-15
28-Dec-2021 11:52:31: ----------------------------------------------------
28-Dec-2021 11:52:31:      Time: t = 9.65, dt = 0.05, step no. 193
28-Dec-2021 11:52:31:      Iteration 1, residual = 0.20472
28-Dec-2021 11:52:31:      Iteration 2, residual = 0.009285
28-Dec-2021 11:52:31:      Iteration 3, residual = 1.2119e-05
28-Dec-2021 11:52:31:      Iteration 4, residual = 3.3798e-09
28-Dec-2021 11:52:31:      Iteration 5, residual = 5.5952e-15
28-Dec-2021 11:52:31: ----------------------------------------------------
28-Dec-2021 11:52:31:      Time: t = 9.7, dt = 0.05, step no. 194
28-Dec-2021 11:52:31:      Iteration 1, residual = 0.2275
28-Dec-2021 11:52:31:      Iteration 2, residual = 0.0077505
28-Dec-2021 11:52:31:      Iteration 3, residual = 7.0814e-06
28-Dec-2021 11:52:31:      Iteration 4, residual = 1.6976e-09
28-Dec-2021 11:52:31:      Iteration 5, residual = 2.2819e-15
28-Dec-2021 11:52:31: ----------------------------------------------------
28-Dec-2021 11:52:31:      Time: t = 9.75, dt = 0.05, step no. 195
28-Dec-2021 11:52:31:      Iteration 1, residual = 0.27596
28-Dec-2021 11:52:31:      Iteration 2, residual = 0.0055654
28-Dec-2021 11:52:31:      Iteration 3, residual = 3.3329e-06
28-Dec-2021 11:52:31:      Iteration 4, residual = 5.8346e-10
28-Dec-2021 11:52:31: ----------------------------------------------------
28-Dec-2021 11:52:31:      Time: t = 9.8, dt = 0.05, step no. 196
28-Dec-2021 11:52:31:      Iteration 1, residual = 0.30459
28-Dec-2021 11:52:31:      Iteration 2, residual = 0.0031635
28-Dec-2021 11:52:31:      Iteration 3, residual = 1.2282e-06
28-Dec-2021 11:52:31:      Iteration 4, residual = 1.2283e-10
28-Dec-2021 11:52:31: ----------------------------------------------------
28-Dec-2021 11:52:31:      Time: t = 9.85, dt = 0.05, step no. 197
28-Dec-2021 11:52:31:      Iteration 1, residual = 0.31598
28-Dec-2021 11:52:31:      Iteration 2, residual = 0.0010446
28-Dec-2021 11:52:31:      Iteration 3, residual = 2.5531e-07
28-Dec-2021 11:52:31:      Iteration 4, residual = 6.9607e-12
28-Dec-2021 11:52:31: ----------------------------------------------------
28-Dec-2021 11:52:31:      Time: t = 9.9, dt = 0.05, step no. 198
28-Dec-2021 11:52:31:      Iteration 1, residual = 0.34955
28-Dec-2021 11:52:31:      Iteration 2, residual = 0.017942
28-Dec-2021 11:52:31:      Iteration 3, residual = 4.5702e-06
28-Dec-2021 11:52:31:      Iteration 4, residual = 1.0388e-11
28-Dec-2021 11:52:31: ----------------------------------------------------
28-Dec-2021 11:52:31:      Time: t = 9.95, dt = 0.05, step no. 199
28-Dec-2021 11:52:31:      Iteration 1, residual = 0.43424
28-Dec-2021 11:52:31:      Iteration 2, residual = 0.045424
28-Dec-2021 11:52:31:      Iteration 3, residual = 1.5379e-05
28-Dec-2021 11:52:31:      Iteration 4, residual = 1.1248e-10
28-Dec-2021 11:52:31: ----------------------------------------------------
28-Dec-2021 11:52:31:      Time: t = 10, dt = 0.05, step no. 200
28-Dec-2021 11:52:31:      Iteration 1, residual = 0.43973
28-Dec-2021 11:52:31:      Iteration 2, residual = 0.056921
28-Dec-2021 11:52:31:      Iteration 3, residual = 3.6103e-05
28-Dec-2021 11:52:31:      Iteration 4, residual = 3.6597e-10
28-Dec-2021 11:52:31: ---------------------------------------------------- 
28-Dec-2021 11:52:31:   
28-Dec-2021 11:52:31:      Computation suceeded.                           
28-Dec-2021 11:52:31:   
28-Dec-2021 11:52:31: **************************************************** 
28-Dec-2021 11:52:31:   
28-Dec-2021 11:52:32:      Overwriting existing output folder.           
28-Dec-2021 11:52:32:   
28-Dec-2021 11:52:32:      Exporting results to .mat.                 
28-Dec-2021 11:52:32:   
28-Dec-2021 11:52:32:      Exporting succesful.                 
28-Dec-2021 11:52:32:   
28-Dec-2021 11:52:32: **************************************************** 
28-Dec-2021 11:52:32:   
28-Dec-2021 11:52:32:      Exporting figures.                 
28-Dec-2021 11:52:32:   
28-Dec-2021 11:52:37:      Exporting succesful.                 
28-Dec-2021 11:52:37:   
28-Dec-2021 11:52:37: **************************************************** 
